Using pre-set license
Built from '2020.3/staging' branch; Version is '2020.3.8f1 (507919d4fff5) revision 5273881'; Using compiler version '192528614'; Build Type 'Release'
OS: 'Windows 10 Home; OS build 19042.985; Version 2009; 64bit' Language: 'fr' Physical Memory: 6020 MB
BatchMode: 1, IsHumanControllingUs: 0, StartBugReporterOnCrash: 0, Is64bit: 1, IsPro: 0

 COMMAND LINE ARGUMENTS:
C:\Program Files\Unity\Hub\Editor\2020.3.8f1\Editor\Unity.exe
-adb2
-batchMode
-noUpm
-name
AssetImportWorker0
-projectPath
C:/Users/Timothée/Pokemon Xarion
-logFile
Logs/AssetImportWorker0.log
-srvPort
62904
Successfully changed project path to: C:/Users/Timothée/Pokemon Xarion
C:/Users/Timothée/Pokemon Xarion
Using Asset Import Pipeline V2.
Refreshing native plugins compatible for Editor in 48.84 ms, found 1 plugins.
Preloading 0 native plugins for Editor in 0.00 ms.
Initialize engine version: 2020.3.8f1 (507919d4fff5)
[Subsystems] Discovering subsystems at path C:/Program Files/Unity/Hub/Editor/2020.3.8f1/Editor/Data/Resources/UnitySubsystems
[Subsystems] Discovering subsystems at path C:/Users/Timothée/Pokemon Xarion/Assets
GfxDevice: creating device client; threaded=0
Direct3D:
    Version:  Direct3D 11.0 [level 11.1]
    Renderer: AMD Radeon(TM) Vega 8 Graphics (ID=0x15d8)
    Vendor:   
    VRAM:     3010 MB
    Driver:   27.20.11028.10001
Initialize mono
Mono path[0] = 'C:/Program Files/Unity/Hub/Editor/2020.3.8f1/Editor/Data/Managed'
Mono path[1] = 'C:/Program Files/Unity/Hub/Editor/2020.3.8f1/Editor/Data/MonoBleedingEdge/lib/mono/unityjit'
Mono config path = 'C:/Program Files/Unity/Hub/Editor/2020.3.8f1/Editor/Data/MonoBleedingEdge/etc'
Using monoOptions --debugger-agent=transport=dt_socket,embedding=1,server=y,suspend=n,address=127.0.0.1:56172
Begin MonoManager ReloadAssembly
Registering precompiled unity dll's ...
Register platform support module: C:/Program Files/Unity/Hub/Editor/2020.3.8f1/Editor/Data/PlaybackEngines/WebGLSupport/UnityEditor.WebGL.Extensions.dll
Register platform support module: C:/Program Files/Unity/Hub/Editor/2020.3.8f1/Editor/Data/PlaybackEngines/WindowsStandaloneSupport/UnityEditor.WindowsStandalone.Extensions.dll
Registered in 0.006841 seconds.
Native extension for WindowsStandalone target not found
Native extension for WebGL target not found
Refreshing native plugins compatible for Editor in 64.06 ms, found 1 plugins.
Preloading 0 native plugins for Editor in 0.00 ms.
Mono: successfully reloaded assembly
- Completed reload, in  3.898 seconds
Platform modules already initialized, skipping
Registering precompiled user dll's ...
Registered in 0.002631 seconds.
Begin MonoManager ReloadAssembly
Native extension for WindowsStandalone target not found
Native extension for WebGL target not found
Refreshing native plugins compatible for Editor in 45.60 ms, found 1 plugins.
Preloading 0 native plugins for Editor in 0.00 ms.
Mono: successfully reloaded assembly
- Completed reload, in  1.636 seconds
Platform modules already initialized, skipping
========================================================================
Worker process is ready to serve import requests
Launched and connected shader compiler UnityShaderCompiler.exe after 0.08 seconds
Refreshing native plugins compatible for Editor in 0.43 ms, found 1 plugins.
Preloading 0 native plugins for Editor in 0.00 ms.
Unloading 1808 Unused Serialized files (Serialized files now loaded: 0)
System memory in use before: 84.9 MB.
System memory in use after: 84.8 MB.

Unloading 24 unused Assets to reduce memory usage. Loaded Objects now: 2250.
Total: 4.936300 ms (FindLiveObjects: 0.281000 ms CreateObjectMapping: 0.081000 ms MarkObjects: 4.361700 ms  DeleteObjects: 0.210200 ms)

========================================================================
Received Import Request.
  path: Assets/Art
  artifactKey: Guid(da5113f068ce24e438a2f6a7f8df579a) Importer(815301076,1909f56bfc062723c751e8b465ee728b)
Start importing Assets/Art using Guid(da5113f068ce24e438a2f6a7f8df579a) Importer(815301076,1909f56bfc062723c751e8b465ee728b)  -> (artifact id: '13714646a230f5a96559be2ac1cbd9ef') in 0.016508 seconds
  Import took 0.020809 seconds .

========================================================================
Received Import Request.
  Time since last request: 22.438064 seconds.
  path: Assets/Art/gfx
  artifactKey: Guid(0154933628869f048a36a8208fcfa60f) Importer(815301076,1909f56bfc062723c751e8b465ee728b)
Start importing Assets/Art/gfx using Guid(0154933628869f048a36a8208fcfa60f) Importer(815301076,1909f56bfc062723c751e8b465ee728b)  -> (artifact id: 'b657c81cc674e530bbaa003f0571e416') in 0.031385 seconds
  Import took 0.038385 seconds .

========================================================================
Received Import Request.
  Time since last request: 0.196101 seconds.
  path: Assets/Art/gfx/basic_colors.png
  artifactKey: Guid(6991e7ea702ac164493d289f1e8aa1d0) Importer(815301076,1909f56bfc062723c751e8b465ee728b)
Start importing Assets/Art/gfx/basic_colors.png using Guid(6991e7ea702ac164493d289f1e8aa1d0) Importer(815301076,1909f56bfc062723c751e8b465ee728b)  -> (artifact id: '2f8ba65b0390e72e9671e0e8e4e5487e') in 0.556909 seconds
  Import took 0.562818 seconds .

========================================================================
Received Import Request.
  Time since last request: 0.000349 seconds.
  path: Assets/Art/gfx/Overworld.png
  artifactKey: Guid(cb3a56e86b2bb9c4991509ad74cde6ad) Importer(815301076,1909f56bfc062723c751e8b465ee728b)
Start importing Assets/Art/gfx/Overworld.png using Guid(cb3a56e86b2bb9c4991509ad74cde6ad) Importer(815301076,1909f56bfc062723c751e8b465ee728b)  -> (artifact id: '3beca5f1a8581b72e0eb39c5796d0641') in 3.033592 seconds
  Import took 3.045631 seconds .

========================================================================
Received Import Request.
  Time since last request: 0.000379 seconds.
  path: Assets/Art/gfx/cave.png
  artifactKey: Guid(7a226a989b1bda7439086c5777172e91) Importer(815301076,1909f56bfc062723c751e8b465ee728b)
Start importing Assets/Art/gfx/cave.png using Guid(7a226a989b1bda7439086c5777172e91) Importer(815301076,1909f56bfc062723c751e8b465ee728b)  -> (artifact id: '7585742001b2e8068bef7b160bc2d3a1') in 0.038575 seconds
  Import took 0.044515 seconds .

========================================================================
Received Import Request.
  Time since last request: 0.000280 seconds.
  path: Assets/Art/gfx/font.png
  artifactKey: Guid(b8cbe706126619d40903c50fb9d63dd1) Importer(815301076,1909f56bfc062723c751e8b465ee728b)
Start importing Assets/Art/gfx/font.png using Guid(b8cbe706126619d40903c50fb9d63dd1) Importer(815301076,1909f56bfc062723c751e8b465ee728b)  -> (artifact id: '1232d5abf3158c0abc6044e6d7880ca1') in 0.028162 seconds
  Import took 0.032227 seconds .

========================================================================
Received Import Request.
  Time since last request: 0.000380 seconds.
  path: Assets/Art/gfx/character.png
  artifactKey: Guid(3111f23cd57d2be48b2ee6bac4a23588) Importer(815301076,1909f56bfc062723c751e8b465ee728b)
Start importing Assets/Art/gfx/character.png using Guid(3111f23cd57d2be48b2ee6bac4a23588) Importer(815301076,1909f56bfc062723c751e8b465ee728b)  -> (artifact id: '782b8b5f8485b48300840c189dcac98b') in 0.250829 seconds
  Import took 0.258957 seconds .

========================================================================
Received Import Request.
  Time since last request: 0.000371 seconds.
  path: Assets/Art/gfx/NPC_test.png
  artifactKey: Guid(233ed2c3c57795e428932b6a36398fec) Importer(815301076,1909f56bfc062723c751e8b465ee728b)
Start importing Assets/Art/gfx/NPC_test.png using Guid(233ed2c3c57795e428932b6a36398fec) Importer(815301076,1909f56bfc062723c751e8b465ee728b)  -> (artifact id: 'fdbdea50340ffee473f23ae3a6c6012b') in 0.021752 seconds
  Import took 0.025452 seconds .

========================================================================
Received Import Request.
  Time since last request: 0.000331 seconds.
  path: Assets/Art/gfx/Inner.png
  artifactKey: Guid(457d1ade8f441be428fdc1c3ed0912ce) Importer(815301076,1909f56bfc062723c751e8b465ee728b)
Start importing Assets/Art/gfx/Inner.png using Guid(457d1ade8f441be428fdc1c3ed0912ce) Importer(815301076,1909f56bfc062723c751e8b465ee728b)  -> (artifact id: '02528dfdc71b4ca5b76ad2521c08086c') in 0.027919 seconds
  Import took 0.031941 seconds .

========================================================================
Received Import Request.
  Time since last request: 0.000281 seconds.
  path: Assets/Art/gfx/tileset.png
  artifactKey: Guid(6092738183c668a4d924383acaf9eb5f) Importer(815301076,1909f56bfc062723c751e8b465ee728b)
Start importing Assets/Art/gfx/tileset.png using Guid(6092738183c668a4d924383acaf9eb5f) Importer(815301076,1909f56bfc062723c751e8b465ee728b)  -> (artifact id: 'fc3bc269628b3f2b74f71f28402332de') in 0.302680 seconds
  Import took 0.314673 seconds .

========================================================================
Received Import Request.
  Time since last request: 0.000315 seconds.
  path: Assets/Art/gfx/objects.png
  artifactKey: Guid(3ae12697ae504414bbf0797ea36dfddd) Importer(815301076,1909f56bfc062723c751e8b465ee728b)
Start importing Assets/Art/gfx/objects.png using Guid(3ae12697ae504414bbf0797ea36dfddd) Importer(815301076,1909f56bfc062723c751e8b465ee728b)  -> (artifact id: 'ffb916c15def42caf03132f704aaa9cf') in 0.035843 seconds
  Import took 0.041827 seconds .

========================================================================
Received Import Request.
  Time since last request: 0.000511 seconds.
  path: Assets/Art/gfx/log.png
  artifactKey: Guid(ab399fa9a0252ec498e8d09938b87b2f) Importer(815301076,1909f56bfc062723c751e8b465ee728b)
Start importing Assets/Art/gfx/log.png using Guid(ab399fa9a0252ec498e8d09938b87b2f) Importer(815301076,1909f56bfc062723c751e8b465ee728b)  -> (artifact id: '5c69a6c07deb4ff5f11c37f58331a79d') in 0.036422 seconds
  Import took 0.043725 seconds .

========================================================================
Received Import Request.
  Time since last request: 0.000408 seconds.
  path: Assets/Art/gfx/npc.png
  artifactKey: Guid(6271402b76b0cc141a75d2dd6e09f67a) Importer(815301076,1909f56bfc062723c751e8b465ee728b)
Start importing Assets/Art/gfx/npc.png using Guid(6271402b76b0cc141a75d2dd6e09f67a) Importer(815301076,1909f56bfc062723c751e8b465ee728b)  -> (artifact id: '4e6ac661f0f6b31e3dc9513ee4fdd4ec') in 0.030451 seconds
  Import took 0.035282 seconds .

========================================================================
Received Import Request.
  Time since last request: 175.309872 seconds.
  path: Assets/Art/gfx/tileset.png
  artifactKey: Guid(6092738183c668a4d924383acaf9eb5f) Importer(815301076,1909f56bfc062723c751e8b465ee728b)
Start importing Assets/Art/gfx/tileset.png using Guid(6092738183c668a4d924383acaf9eb5f) Importer(815301076,1909f56bfc062723c751e8b465ee728b)  -> (artifact id: 'ea409a7c22d158fadd68c3a30cd22b9c') in 0.244075 seconds
  Import took 0.256350 seconds .

========================================================================
Received Import Request.
  Time since last request: 158.179378 seconds.
  path: Assets/Art/Trianers
  artifactKey: Guid(6c2058b5116ddab43b3c38954715c244) Importer(815301076,1909f56bfc062723c751e8b465ee728b)
Start importing Assets/Art/Trianers using Guid(6c2058b5116ddab43b3c38954715c244) Importer(815301076,1909f56bfc062723c751e8b465ee728b)  -> (artifact id: '0e550751d1b90a6f12af2122d01d0263') in 0.022307 seconds
  Import took 0.026231 seconds .

========================================================================
Received Import Request.
  Time since last request: 5.865212 seconds.
  path: Assets/Art/Trainers
  artifactKey: Guid(6c2058b5116ddab43b3c38954715c244) Importer(815301076,1909f56bfc062723c751e8b465ee728b)
Start importing Assets/Art/Trainers using Guid(6c2058b5116ddab43b3c38954715c244) Importer(815301076,1909f56bfc062723c751e8b465ee728b)  -> (artifact id: '4d0a86010d6aa231be5a23d707a44859') in 0.012877 seconds
  Import took 0.017069 seconds .

========================================================================
Received Import Request.
  Time since last request: 30.507388 seconds.
  path: Assets/Tiles
  artifactKey: Guid(2943efc47fd703c4c9ac47f323f5f98b) Importer(815301076,1909f56bfc062723c751e8b465ee728b)
Start importing Assets/Tiles using Guid(2943efc47fd703c4c9ac47f323f5f98b) Importer(815301076,1909f56bfc062723c751e8b465ee728b)  -> (artifact id: '4f4f341de6bd3bc9a2f71dc1d57c4dac') in 0.012453 seconds
  Import took 0.017307 seconds .

========================================================================
Received Import Request.
  Time since last request: 0.049750 seconds.
  path: Assets/Tiles/Background.prefab
  artifactKey: Guid(ae744751f7d27c943aff7fd8082d3374) Importer(815301076,1909f56bfc062723c751e8b465ee728b)
Start importing Assets/Tiles/Background.prefab using Guid(ae744751f7d27c943aff7fd8082d3374) Importer(815301076,1909f56bfc062723c751e8b465ee728b)  -> (artifact id: '1ae0ce96962ecb4baa2ef8b48b4dc006') in 0.025538 seconds
  Import took 0.031058 seconds .

========================================================================
Received Import Request.
  Time since last request: 348.315100 seconds.
  path: ProjectSettings/TagManager.asset
  artifactKey: Guid(00000000000000003000000000000000) Importer(815301076,1909f56bfc062723c751e8b465ee728b)
Start importing ProjectSettings/TagManager.asset using Guid(00000000000000003000000000000000) Importer(815301076,1909f56bfc062723c751e8b465ee728b)  -> (artifact id: '95df672b4aaba54310d34c83eef51bb8') in 0.015205 seconds
  Import took 0.019777 seconds .

========================================================================
Received Import Request.
  Time since last request: 152.204428 seconds.
  path: Assets
  artifactKey: Guid(00000000000000001000000000000000) Importer(815301076,1909f56bfc062723c751e8b465ee728b)
Start importing Assets using Guid(00000000000000001000000000000000) Importer(815301076,1909f56bfc062723c751e8b465ee728b)  -> (artifact id: '42d402b061de3733987d63b9cc3b64de') in 0.011592 seconds
  Import took 0.016642 seconds .

========================================================================
Received Import Request.
  Time since last request: 12.952660 seconds.
  path: Assets/Scripts
  artifactKey: Guid(7ced354e6ec7b284db990528d7c68438) Importer(815301076,1909f56bfc062723c751e8b465ee728b)
Start importing Assets/Scripts using Guid(7ced354e6ec7b284db990528d7c68438) Importer(815301076,1909f56bfc062723c751e8b465ee728b)  -> (artifact id: '37186e673ce48cfc889f9089c6f08025') in 0.010794 seconds
  Import took 0.014551 seconds .

========================================================================
Received Import Request.
  Time since last request: 12.681173 seconds.
  path: Assets/Scripts/Player
  artifactKey: Guid(a1784e8aad0035642bddc45e13905615) Importer(815301076,1909f56bfc062723c751e8b465ee728b)
Start importing Assets/Scripts/Player using Guid(a1784e8aad0035642bddc45e13905615) Importer(815301076,1909f56bfc062723c751e8b465ee728b)  -> (artifact id: 'cfe9c68904c6e3d65ae08f27beb04dc6') in 0.012233 seconds
  Import took 0.017007 seconds .

========================================================================
Received Import Request.
  Time since last request: 17.722896 seconds.
  path: Assets/Scripts/Player/PlayerController.cs
  artifactKey: Guid(62967b8d578369c4a8e291b209c0e3db) Importer(815301076,1909f56bfc062723c751e8b465ee728b)
Start importing Assets/Scripts/Player/PlayerController.cs using Guid(62967b8d578369c4a8e291b209c0e3db) Importer(815301076,1909f56bfc062723c751e8b465ee728b)  -> (artifact id: 'c8b78f3a4393b7ddb5cde82a07f33691') in 0.031875 seconds
  Import took 0.036053 seconds .

========================================================================
Received Prepare
Registering precompiled user dll's ...
Registered in 0.002404 seconds.
Begin MonoManager ReloadAssembly
Native extension for WindowsStandalone target not found
Native extension for WebGL target not found
Refreshing native plugins compatible for Editor in 0.48 ms, found 1 plugins.
Preloading 0 native plugins for Editor in 0.00 ms.
Mono: successfully reloaded assembly
- Completed reload, in  1.390 seconds
Platform modules already initialized, skipping
Refreshing native plugins compatible for Editor in 0.51 ms, found 1 plugins.
Preloading 0 native plugins for Editor in 0.00 ms.
Unloading 1804 Unused Serialized files (Serialized files now loaded: 0)
System memory in use before: 88.5 MB.
System memory in use after: 88.5 MB.

Unloading 13 unused Assets to reduce memory usage. Loaded Objects now: 2278.
Total: 3.161500 ms (FindLiveObjects: 0.265500 ms CreateObjectMapping: 0.079900 ms MarkObjects: 2.667200 ms  DeleteObjects: 0.146900 ms)

========================================================================
Received Prepare
Registering precompiled user dll's ...
Registered in 0.014420 seconds.
Begin MonoManager ReloadAssembly
Native extension for WindowsStandalone target not found
Native extension for WebGL target not found
Refreshing native plugins compatible for Editor in 0.51 ms, found 1 plugins.
Preloading 0 native plugins for Editor in 0.00 ms.
Mono: successfully reloaded assembly
- Completed reload, in  4.240 seconds
Platform modules already initialized, skipping
Refreshing native plugins compatible for Editor in 0.50 ms, found 1 plugins.
Preloading 0 native plugins for Editor in 0.00 ms.
Unloading 1804 Unused Serialized files (Serialized files now loaded: 0)
System memory in use before: 88.5 MB.
System memory in use after: 88.5 MB.

Unloading 12 unused Assets to reduce memory usage. Loaded Objects now: 2282.
Total: 11.109900 ms (FindLiveObjects: 0.350600 ms CreateObjectMapping: 0.079100 ms MarkObjects: 2.472500 ms  DeleteObjects: 8.205300 ms)

========================================================================
Received Prepare
Registering precompiled user dll's ...
Registered in 0.003195 seconds.
Begin MonoManager ReloadAssembly
Native extension for WindowsStandalone target not found
Native extension for WebGL target not found
Refreshing native plugins compatible for Editor in 0.53 ms, found 1 plugins.
Preloading 0 native plugins for Editor in 0.00 ms.
Mono: successfully reloaded assembly
- Completed reload, in  1.456 seconds
Platform modules already initialized, skipping
Refreshing native plugins compatible for Editor in 0.45 ms, found 1 plugins.
Preloading 0 native plugins for Editor in 0.00 ms.
Unloading 1804 Unused Serialized files (Serialized files now loaded: 0)
System memory in use before: 88.6 MB.
System memory in use after: 88.5 MB.

Unloading 12 unused Assets to reduce memory usage. Loaded Objects now: 2286.
Total: 3.174500 ms (FindLiveObjects: 0.274200 ms CreateObjectMapping: 0.072500 ms MarkObjects: 2.668200 ms  DeleteObjects: 0.157300 ms)

========================================================================
Received Import Request.
  Time since last request: 2493.216956 seconds.
  path: Assets/Tiles/Background.prefab
  artifactKey: Guid(ae744751f7d27c943aff7fd8082d3374) Importer(815301076,1909f56bfc062723c751e8b465ee728b)
Start importing Assets/Tiles/Background.prefab using Guid(ae744751f7d27c943aff7fd8082d3374) Importer(815301076,1909f56bfc062723c751e8b465ee728b)  -> (artifact id: 'abaee61ed2311e8bf0bf836f69b3df4a') in 0.238532 seconds
  Import took 0.255933 seconds .

========================================================================
Received Import Request.
  Time since last request: 0.014578 seconds.
  path: Assets/Tiles/tileset_1.asset
  artifactKey: Guid(3db6ecae869482c488a93b034fc653c6) Importer(815301076,1909f56bfc062723c751e8b465ee728b)
Start importing Assets/Tiles/tileset_1.asset using Guid(3db6ecae869482c488a93b034fc653c6) Importer(815301076,1909f56bfc062723c751e8b465ee728b)  -> (artifact id: 'bc7fda4d49c6d3c34cff56a042442179') in 0.469851 seconds
  Import took 0.474163 seconds .

========================================================================
Received Import Request.
  Time since last request: 0.000284 seconds.
  path: Assets/Tiles/tileset_2.asset
  artifactKey: Guid(76216eaba758c2447871a5427425bf60) Importer(815301076,1909f56bfc062723c751e8b465ee728b)
Start importing Assets/Tiles/tileset_2.asset using Guid(76216eaba758c2447871a5427425bf60) Importer(815301076,1909f56bfc062723c751e8b465ee728b)  -> (artifact id: '59a510275a5ad3cc4c180ae087306a4e') in 0.108396 seconds
  Import took 0.113778 seconds .

========================================================================
Received Import Request.
  Time since last request: 0.000303 seconds.
  path: Assets/Tiles/tileset_0.asset
  artifactKey: Guid(5662f2a33e6c19e498623d6798dc5586) Importer(815301076,1909f56bfc062723c751e8b465ee728b)
Start importing Assets/Tiles/tileset_0.asset using Guid(5662f2a33e6c19e498623d6798dc5586) Importer(815301076,1909f56bfc062723c751e8b465ee728b)  -> (artifact id: '85153607d375220168bdf511e40b495f') in 0.040411 seconds
  Import took 0.045206 seconds .

========================================================================
Received Import Request.
  Time since last request: 0.000389 seconds.
  path: Assets/Tiles/tileset_3.asset
  artifactKey: Guid(fd2b66ef6a8348e469f72be749fb1587) Importer(815301076,1909f56bfc062723c751e8b465ee728b)
Start importing Assets/Tiles/tileset_3.asset using Guid(fd2b66ef6a8348e469f72be749fb1587) Importer(815301076,1909f56bfc062723c751e8b465ee728b)  -> (artifact id: 'bc7acdd7768c8c8aa05e0c389cce2a10') in 0.031640 seconds
  Import took 0.035897 seconds .

========================================================================
Received Import Request.
  Time since last request: 0.078311 seconds.
  path: Assets/Tiles/tileset_4.asset
  artifactKey: Guid(ca87c5695a806844a919efb7691f044b) Importer(815301076,1909f56bfc062723c751e8b465ee728b)
Start importing Assets/Tiles/tileset_4.asset using Guid(ca87c5695a806844a919efb7691f044b) Importer(815301076,1909f56bfc062723c751e8b465ee728b)  -> (artifact id: 'f31b7529188722cd56943b55e9a8fc8a') in 0.018615 seconds
  Import took 0.022638 seconds .

========================================================================
Received Import Request.
  Time since last request: 0.530283 seconds.
  path: Assets/Tiles/tileset_5.asset
  artifactKey: Guid(7f3b902698b35e740a6940e757515cb9) Importer(815301076,1909f56bfc062723c751e8b465ee728b)
Start importing Assets/Tiles/tileset_5.asset using Guid(7f3b902698b35e740a6940e757515cb9) Importer(815301076,1909f56bfc062723c751e8b465ee728b)  -> (artifact id: 'd6cc654b7b6817d3cae76e30cdfa0cc7') in 0.145005 seconds
  Import took 0.149601 seconds .

========================================================================
Received Import Request.
  Time since last request: 0.000303 seconds.
  path: Assets/Tiles/tileset_7.asset
  artifactKey: Guid(a4c117ff746c9934fa39cf9fb6fb0a35) Importer(815301076,1909f56bfc062723c751e8b465ee728b)
Start importing Assets/Tiles/tileset_7.asset using Guid(a4c117ff746c9934fa39cf9fb6fb0a35) Importer(815301076,1909f56bfc062723c751e8b465ee728b)  -> (artifact id: '7074d64dce9bcb09a257982b5b58a380') in 0.021269 seconds
  Import took 0.025786 seconds .

========================================================================
Received Import Request.
  Time since last request: 0.000299 seconds.
  path: Assets/Tiles/tileset_6.asset
  artifactKey: Guid(2094026263baef449b00d7bcacb4d537) Importer(815301076,1909f56bfc062723c751e8b465ee728b)
Start importing Assets/Tiles/tileset_6.asset using Guid(2094026263baef449b00d7bcacb4d537) Importer(815301076,1909f56bfc062723c751e8b465ee728b)  -> (artifact id: '38cd33dd0bf6f118eae80aa12d5445f8') in 0.038114 seconds
  Import took 0.042573 seconds .

========================================================================
Received Import Request.
  Time since last request: 0.119507 seconds.
  path: Assets/Tiles/tileset_8.asset
  artifactKey: Guid(ab7655e52f7b8a442aa50d985a06d542) Importer(815301076,1909f56bfc062723c751e8b465ee728b)
Start importing Assets/Tiles/tileset_8.asset using Guid(ab7655e52f7b8a442aa50d985a06d542) Importer(815301076,1909f56bfc062723c751e8b465ee728b)  -> (artifact id: '3f9e84e83b3a554b63efd768898a88f8') in 0.020345 seconds
  Import took 0.026242 seconds .

========================================================================
Received Import Request.
  Time since last request: 0.005013 seconds.
  path: Assets/Tiles/tileset_8.asset
  artifactKey: Guid(ab7655e52f7b8a442aa50d985a06d542) Importer(815301076,1909f56bfc062723c751e8b465ee728b)
Start importing Assets/Tiles/tileset_8.asset using Guid(ab7655e52f7b8a442aa50d985a06d542) Importer(815301076,1909f56bfc062723c751e8b465ee728b)  -> (artifact id: '3f9e84e83b3a554b63efd768898a88f8') in 0.010857 seconds
  Import took 0.014941 seconds .

========================================================================
Received Import Request.
  Time since last request: 0.000377 seconds.
  path: Assets/Tiles/tileset_10.asset
  artifactKey: Guid(70c1d44a97b8ac64eb963124ad6d0da4) Importer(815301076,1909f56bfc062723c751e8b465ee728b)
Start importing Assets/Tiles/tileset_10.asset using Guid(70c1d44a97b8ac64eb963124ad6d0da4) Importer(815301076,1909f56bfc062723c751e8b465ee728b)  -> (artifact id: 'a8ccfe8903935c7e6f92c70b92acc3be') in 0.018991 seconds
  Import took 0.023719 seconds .

========================================================================
Received Import Request.
  Time since last request: 0.000352 seconds.
  path: Assets/Tiles/tileset_9.asset
  artifactKey: Guid(f752f18fddb5e464cb9e2ff543d1f752) Importer(815301076,1909f56bfc062723c751e8b465ee728b)
Start importing Assets/Tiles/tileset_9.asset using Guid(f752f18fddb5e464cb9e2ff543d1f752) Importer(815301076,1909f56bfc062723c751e8b465ee728b)  -> (artifact id: '38243fc22c6374f86f3bd978d354db0b') in 0.021732 seconds
  Import took 0.025686 seconds .

========================================================================
Received Import Request.
  Time since last request: 0.009207 seconds.
  path: Assets/Tiles/tileset_11.asset
  artifactKey: Guid(d79c4cfca529ee146a4eb41be2621b8e) Importer(815301076,1909f56bfc062723c751e8b465ee728b)
Start importing Assets/Tiles/tileset_11.asset using Guid(d79c4cfca529ee146a4eb41be2621b8e) Importer(815301076,1909f56bfc062723c751e8b465ee728b)  -> (artifact id: '4d2256523b7584c46e7303e2fb149de0') in 0.030637 seconds
  Import took 0.035522 seconds .

========================================================================
Received Import Request.
  Time since last request: 4.296441 seconds.
  path: Assets/Art/gfx/cave.png
  artifactKey: Guid(7a226a989b1bda7439086c5777172e91) Importer(815301076,1909f56bfc062723c751e8b465ee728b)
Start importing Assets/Art/gfx/cave.png using Guid(7a226a989b1bda7439086c5777172e91) Importer(815301076,1909f56bfc062723c751e8b465ee728b)  -> (artifact id: '9f9c89c6f44c8f3efbac3c5b244516f7') in 0.100234 seconds
  Import took 0.104427 seconds .

========================================================================
Received Import Request.
  Time since last request: 0.000396 seconds.
  path: Assets/Art/gfx/character.png
  artifactKey: Guid(3111f23cd57d2be48b2ee6bac4a23588) Importer(815301076,1909f56bfc062723c751e8b465ee728b)
Start importing Assets/Art/gfx/character.png using Guid(3111f23cd57d2be48b2ee6bac4a23588) Importer(815301076,1909f56bfc062723c751e8b465ee728b)  -> (artifact id: '82a7a9b625b0a709c1ec4e0ab2479b3c') in 0.224291 seconds
  Import took 0.228811 seconds .

========================================================================
Received Import Request.
  Time since last request: 3.749789 seconds.
  path: Assets/Art/gfx/font.png
  artifactKey: Guid(b8cbe706126619d40903c50fb9d63dd1) Importer(815301076,1909f56bfc062723c751e8b465ee728b)
Start importing Assets/Art/gfx/font.png using Guid(b8cbe706126619d40903c50fb9d63dd1) Importer(815301076,1909f56bfc062723c751e8b465ee728b)  -> (artifact id: 'dc0cae82487113c7975b4ac5627022bc') in 0.025552 seconds
  Import took 0.030363 seconds .

========================================================================
Received Import Request.
  Time since last request: 0.003305 seconds.
  path: Assets/Art/gfx/font.png
  artifactKey: Guid(b8cbe706126619d40903c50fb9d63dd1) Importer(815301076,1909f56bfc062723c751e8b465ee728b)
Start importing Assets/Art/gfx/font.png using Guid(b8cbe706126619d40903c50fb9d63dd1) Importer(815301076,1909f56bfc062723c751e8b465ee728b)  -> (artifact id: 'dc0cae82487113c7975b4ac5627022bc') in 0.016116 seconds
  Import took 0.020512 seconds .

========================================================================
Received Import Request.
  Time since last request: 0.000328 seconds.
  path: Assets/Art/gfx/Inner.png
  artifactKey: Guid(457d1ade8f441be428fdc1c3ed0912ce) Importer(815301076,1909f56bfc062723c751e8b465ee728b)
Start importing Assets/Art/gfx/Inner.png using Guid(457d1ade8f441be428fdc1c3ed0912ce) Importer(815301076,1909f56bfc062723c751e8b465ee728b)  -> (artifact id: '5ae7cea26ba636c49ed53168689cae49') in 0.141569 seconds
  Import took 0.145664 seconds .

========================================================================
Received Import Request.
  Time since last request: 0.000329 seconds.
  path: Assets/Art/gfx/log.png
  artifactKey: Guid(ab399fa9a0252ec498e8d09938b87b2f) Importer(815301076,1909f56bfc062723c751e8b465ee728b)
Start importing Assets/Art/gfx/log.png using Guid(ab399fa9a0252ec498e8d09938b87b2f) Importer(815301076,1909f56bfc062723c751e8b465ee728b)  -> (artifact id: '98a97920c270e37736fbf882a22b31ae') in 0.028335 seconds
  Import took 0.032874 seconds .

========================================================================
Received Import Request.
  Time since last request: 0.000318 seconds.
  path: Assets/Art/gfx/Overworld.png
  artifactKey: Guid(cb3a56e86b2bb9c4991509ad74cde6ad) Importer(815301076,1909f56bfc062723c751e8b465ee728b)
Start importing Assets/Art/gfx/Overworld.png using Guid(cb3a56e86b2bb9c4991509ad74cde6ad) Importer(815301076,1909f56bfc062723c751e8b465ee728b)  -> (artifact id: 'e49971d729f9470e894e392a07e3566b') in 2.762336 seconds
  Import took 2.772058 seconds .

========================================================================
Received Import Request.
  Time since last request: 0.000362 seconds.
  path: Assets/Art/gfx/NPC_test.png
  artifactKey: Guid(233ed2c3c57795e428932b6a36398fec) Importer(815301076,1909f56bfc062723c751e8b465ee728b)
Start importing Assets/Art/gfx/NPC_test.png using Guid(233ed2c3c57795e428932b6a36398fec) Importer(815301076,1909f56bfc062723c751e8b465ee728b)  -> (artifact id: '01596a1fa2c7906ea7bbe4a36f4ab6bc') in 0.117270 seconds
  Import took 0.123173 seconds .

========================================================================
Received Import Request.
  Time since last request: 0.000464 seconds.
  path: Assets/Art/gfx/objects.png
  artifactKey: Guid(3ae12697ae504414bbf0797ea36dfddd) Importer(815301076,1909f56bfc062723c751e8b465ee728b)
Start importing Assets/Art/gfx/objects.png using Guid(3ae12697ae504414bbf0797ea36dfddd) Importer(815301076,1909f56bfc062723c751e8b465ee728b)  -> (artifact id: 'e366fcec3cb80d8082eade94a716dbe8') in 0.039321 seconds
  Import took 0.045026 seconds .

========================================================================
Received Import Request.
  Time since last request: 559.109306 seconds.
  path: Assets/Animations/Player.controller
  artifactKey: Guid(23ada667b008bb146b93b7e43746fbd2) Importer(815301076,1909f56bfc062723c751e8b465ee728b)
Start importing Assets/Animations/Player.controller using Guid(23ada667b008bb146b93b7e43746fbd2) Importer(815301076,1909f56bfc062723c751e8b465ee728b)  -> (artifact id: 'de7e9e07429318f54e7188db2048f368') in 0.207045 seconds
  Import took 0.212583 seconds .

========================================================================
Received Prepare
Registering precompiled user dll's ...
Registered in 0.003458 seconds.
Begin MonoManager ReloadAssembly
Native extension for WindowsStandalone target not found
Native extension for WebGL target not found
Refreshing native plugins compatible for Editor in 0.48 ms, found 1 plugins.
Preloading 0 native plugins for Editor in 0.00 ms.
Mono: successfully reloaded assembly
- Completed reload, in  1.535 seconds
Platform modules already initialized, skipping
Refreshing native plugins compatible for Editor in 0.49 ms, found 1 plugins.
Preloading 0 native plugins for Editor in 0.00 ms.
Unloading 1804 Unused Serialized files (Serialized files now loaded: 0)
System memory in use before: 89.0 MB.
System memory in use after: 88.9 MB.

Unloading 12 unused Assets to reduce memory usage. Loaded Objects now: 2293.
Total: 2.810200 ms (FindLiveObjects: 0.259100 ms CreateObjectMapping: 0.061000 ms MarkObjects: 2.310700 ms  DeleteObjects: 0.177600 ms)

========================================================================
Received Prepare
Registering precompiled user dll's ...
Registered in 0.002433 seconds.
Begin MonoManager ReloadAssembly
Native extension for WindowsStandalone target not found
Native extension for WebGL target not found
Refreshing native plugins compatible for Editor in 0.88 ms, found 1 plugins.
Preloading 0 native plugins for Editor in 0.00 ms.
Mono: successfully reloaded assembly
- Completed reload, in  2.285 seconds
Platform modules already initialized, skipping
Refreshing native plugins compatible for Editor in 0.80 ms, found 1 plugins.
Preloading 0 native plugins for Editor in 0.00 ms.
Unloading 1804 Unused Serialized files (Serialized files now loaded: 0)
System memory in use before: 89.0 MB.
System memory in use after: 88.9 MB.

Unloading 12 unused Assets to reduce memory usage. Loaded Objects now: 2297.
Total: 5.663700 ms (FindLiveObjects: 0.473000 ms CreateObjectMapping: 0.127400 ms MarkObjects: 4.775400 ms  DeleteObjects: 0.284500 ms)

========================================================================
Received Prepare
Registering precompiled user dll's ...
Registered in 0.001469 seconds.
Begin MonoManager ReloadAssembly
Native extension for WindowsStandalone target not found
Native extension for WebGL target not found
Refreshing native plugins compatible for Editor in 0.44 ms, found 1 plugins.
Preloading 0 native plugins for Editor in 0.00 ms.
Mono: successfully reloaded assembly
- Completed reload, in  1.346 seconds
Platform modules already initialized, skipping
Refreshing native plugins compatible for Editor in 0.43 ms, found 1 plugins.
Preloading 0 native plugins for Editor in 0.00 ms.
Unloading 1804 Unused Serialized files (Serialized files now loaded: 0)
System memory in use before: 89.0 MB.
System memory in use after: 89.0 MB.

Unloading 12 unused Assets to reduce memory usage. Loaded Objects now: 2301.
Total: 3.200700 ms (FindLiveObjects: 0.266600 ms CreateObjectMapping: 0.072200 ms MarkObjects: 2.673900 ms  DeleteObjects: 0.186100 ms)

========================================================================
Received Prepare
Registering precompiled user dll's ...
Registered in 0.002050 seconds.
Begin MonoManager ReloadAssembly
Native extension for WindowsStandalone target not found
Native extension for WebGL target not found
Refreshing native plugins compatible for Editor in 0.72 ms, found 1 plugins.
Preloading 0 native plugins for Editor in 0.00 ms.
Mono: successfully reloaded assembly
- Completed reload, in  1.679 seconds
Platform modules already initialized, skipping
Refreshing native plugins compatible for Editor in 0.53 ms, found 1 plugins.
Preloading 0 native plugins for Editor in 0.00 ms.
Unloading 1804 Unused Serialized files (Serialized files now loaded: 0)
System memory in use before: 89.0 MB.
System memory in use after: 89.0 MB.

Unloading 12 unused Assets to reduce memory usage. Loaded Objects now: 2305.
Total: 4.420700 ms (FindLiveObjects: 0.427300 ms CreateObjectMapping: 0.162200 ms MarkObjects: 3.570100 ms  DeleteObjects: 0.258400 ms)

========================================================================
Received Prepare
Registering precompiled user dll's ...
Registered in 0.005626 seconds.
Begin MonoManager ReloadAssembly
Native extension for WindowsStandalone target not found
Native extension for WebGL target not found
Refreshing native plugins compatible for Editor in 0.47 ms, found 1 plugins.
Preloading 0 native plugins for Editor in 0.00 ms.
Mono: successfully reloaded assembly
- Completed reload, in  2.006 seconds
Platform modules already initialized, skipping
Refreshing native plugins compatible for Editor in 0.53 ms, found 1 plugins.
Preloading 0 native plugins for Editor in 0.00 ms.
Unloading 1804 Unused Serialized files (Serialized files now loaded: 0)
System memory in use before: 89.0 MB.
System memory in use after: 89.0 MB.

Unloading 12 unused Assets to reduce memory usage. Loaded Objects now: 2309.
Total: 3.785400 ms (FindLiveObjects: 0.296900 ms CreateObjectMapping: 0.073300 ms MarkObjects: 3.041400 ms  DeleteObjects: 0.371400 ms)

========================================================================
Received Prepare
Registering precompiled user dll's ...
Registered in 0.003800 seconds.
Begin MonoManager ReloadAssembly
Native extension for WindowsStandalone target not found
Native extension for WebGL target not found
Refreshing native plugins compatible for Editor in 0.45 ms, found 1 plugins.
Preloading 0 native plugins for Editor in 0.00 ms.
Mono: successfully reloaded assembly
- Completed reload, in  1.708 seconds
Platform modules already initialized, skipping
Refreshing native plugins compatible for Editor in 0.48 ms, found 1 plugins.
Preloading 0 native plugins for Editor in 0.00 ms.
Unloading 1804 Unused Serialized files (Serialized files now loaded: 0)
System memory in use before: 89.0 MB.
System memory in use after: 89.0 MB.

Unloading 12 unused Assets to reduce memory usage. Loaded Objects now: 2313.
Total: 3.398600 ms (FindLiveObjects: 0.260500 ms CreateObjectMapping: 0.062400 ms MarkObjects: 2.854000 ms  DeleteObjects: 0.219500 ms)

========================================================================
Received Prepare
Registering precompiled user dll's ...
Registered in 0.002878 seconds.
Begin MonoManager ReloadAssembly
Native extension for WindowsStandalone target not found
Native extension for WebGL target not found
Refreshing native plugins compatible for Editor in 0.61 ms, found 1 plugins.
Preloading 0 native plugins for Editor in 0.00 ms.
Mono: successfully reloaded assembly
- Completed reload, in  1.481 seconds
Platform modules already initialized, skipping
Refreshing native plugins compatible for Editor in 0.60 ms, found 1 plugins.
Preloading 0 native plugins for Editor in 0.00 ms.
Unloading 1804 Unused Serialized files (Serialized files now loaded: 0)
System memory in use before: 89.0 MB.
System memory in use after: 89.0 MB.

Unloading 12 unused Assets to reduce memory usage. Loaded Objects now: 2317.
Total: 10.580000 ms (FindLiveObjects: 7.247500 ms CreateObjectMapping: 0.163100 ms MarkObjects: 2.789200 ms  DeleteObjects: 0.378200 ms)

========================================================================
Received Import Request.
  Time since last request: 5527.473487 seconds.
  path: ProjectSettings/TagManager.asset
  artifactKey: Guid(00000000000000003000000000000000) Importer(815301076,1909f56bfc062723c751e8b465ee728b)
Start importing ProjectSettings/TagManager.asset using Guid(00000000000000003000000000000000) Importer(815301076,1909f56bfc062723c751e8b465ee728b)  -> (artifact id: '8e14463d47a09d44a83d91131f88f571') in 0.169026 seconds
  Import took 0.178923 seconds .

========================================================================
Received Prepare
Registering precompiled user dll's ...
Registered in 0.001801 seconds.
Begin MonoManager ReloadAssembly
Native extension for WindowsStandalone target not found
Native extension for WebGL target not found
Refreshing native plugins compatible for Editor in 0.76 ms, found 1 plugins.
Preloading 0 native plugins for Editor in 0.00 ms.
Mono: successfully reloaded assembly
- Completed reload, in  1.569 seconds
Platform modules already initialized, skipping
Refreshing native plugins compatible for Editor in 0.75 ms, found 1 plugins.
Preloading 0 native plugins for Editor in 0.00 ms.
Unloading 1804 Unused Serialized files (Serialized files now loaded: 0)
System memory in use before: 89.0 MB.
System memory in use after: 89.0 MB.

Unloading 13 unused Assets to reduce memory usage. Loaded Objects now: 2321.
Total: 14.201100 ms (FindLiveObjects: 10.466500 ms CreateObjectMapping: 0.159500 ms MarkObjects: 3.320000 ms  DeleteObjects: 0.252900 ms)

========================================================================
Received Prepare
Registering precompiled user dll's ...
Registered in 0.001869 seconds.
Begin MonoManager ReloadAssembly
Native extension for WindowsStandalone target not found
Native extension for WebGL target not found
Refreshing native plugins compatible for Editor in 0.72 ms, found 1 plugins.
Preloading 0 native plugins for Editor in 0.00 ms.
Mono: successfully reloaded assembly
- Completed reload, in  2.189 seconds
Platform modules already initialized, skipping
Refreshing native plugins compatible for Editor in 1.01 ms, found 1 plugins.
Preloading 0 native plugins for Editor in 0.00 ms.
Unloading 1804 Unused Serialized files (Serialized files now loaded: 0)
System memory in use before: 89.0 MB.
System memory in use after: 89.0 MB.

Unloading 12 unused Assets to reduce memory usage. Loaded Objects now: 2325.
Total: 5.302100 ms (FindLiveObjects: 0.459100 ms CreateObjectMapping: 0.128000 ms MarkObjects: 4.393900 ms  DeleteObjects: 0.317600 ms)

========================================================================
Received Prepare
Registering precompiled user dll's ...
Registered in 0.003821 seconds.
Begin MonoManager ReloadAssembly
Native extension for WindowsStandalone target not found
Native extension for WebGL target not found
Refreshing native plugins compatible for Editor in 0.54 ms, found 1 plugins.
Preloading 0 native plugins for Editor in 0.00 ms.
Mono: successfully reloaded assembly
- Completed reload, in  1.253 seconds
Platform modules already initialized, skipping
Refreshing native plugins compatible for Editor in 0.58 ms, found 1 plugins.
Preloading 0 native plugins for Editor in 0.00 ms.
Unloading 1804 Unused Serialized files (Serialized files now loaded: 0)
System memory in use before: 89.0 MB.
System memory in use after: 89.0 MB.

Unloading 12 unused Assets to reduce memory usage. Loaded Objects now: 2329.
Total: 3.196300 ms (FindLiveObjects: 0.313800 ms CreateObjectMapping: 0.074500 ms MarkObjects: 2.612500 ms  DeleteObjects: 0.193600 ms)

========================================================================
Received Prepare
Registering precompiled user dll's ...
Registered in 0.002295 seconds.
Begin MonoManager ReloadAssembly
Native extension for WindowsStandalone target not found
Native extension for WebGL target not found
Refreshing native plugins compatible for Editor in 0.53 ms, found 1 plugins.
Preloading 0 native plugins for Editor in 0.00 ms.
Mono: successfully reloaded assembly
- Completed reload, in  1.815 seconds
Platform modules already initialized, skipping
Refreshing native plugins compatible for Editor in 0.56 ms, found 1 plugins.
Preloading 0 native plugins for Editor in 0.00 ms.
Unloading 1804 Unused Serialized files (Serialized files now loaded: 0)
System memory in use before: 89.1 MB.
System memory in use after: 89.0 MB.

Unloading 12 unused Assets to reduce memory usage. Loaded Objects now: 2333.
Total: 94.501900 ms (FindLiveObjects: 0.295400 ms CreateObjectMapping: 0.089600 ms MarkObjects: 3.109800 ms  DeleteObjects: 91.004800 ms)

========================================================================
Received Prepare
Registering precompiled user dll's ...
Registered in 0.002180 seconds.
Begin MonoManager ReloadAssembly
Native extension for WindowsStandalone target not found
Native extension for WebGL target not found
Refreshing native plugins compatible for Editor in 0.57 ms, found 1 plugins.
Preloading 0 native plugins for Editor in 0.00 ms.
Mono: successfully reloaded assembly
- Completed reload, in  1.347 seconds
Platform modules already initialized, skipping
Refreshing native plugins compatible for Editor in 0.53 ms, found 1 plugins.
Preloading 0 native plugins for Editor in 0.00 ms.
Unloading 1804 Unused Serialized files (Serialized files now loaded: 0)
System memory in use before: 89.1 MB.
System memory in use after: 89.0 MB.

Unloading 12 unused Assets to reduce memory usage. Loaded Objects now: 2337.
Total: 3.523100 ms (FindLiveObjects: 0.273300 ms CreateObjectMapping: 0.083500 ms MarkObjects: 2.990100 ms  DeleteObjects: 0.174300 ms)

========================================================================
Received Prepare
Registering precompiled user dll's ...
Registered in 0.046705 seconds.
Begin MonoManager ReloadAssembly
Native extension for WindowsStandalone target not found
Native extension for WebGL target not found
Refreshing native plugins compatible for Editor in 0.93 ms, found 1 plugins.
Preloading 0 native plugins for Editor in 0.00 ms.
Mono: successfully reloaded assembly
- Completed reload, in  3.784 seconds
Platform modules already initialized, skipping
Refreshing native plugins compatible for Editor in 1.18 ms, found 1 plugins.
Preloading 0 native plugins for Editor in 0.00 ms.
Unloading 1804 Unused Serialized files (Serialized files now loaded: 0)
System memory in use before: 89.1 MB.
System memory in use after: 89.0 MB.

Unloading 12 unused Assets to reduce memory usage. Loaded Objects now: 2341.
Total: 82.721000 ms (FindLiveObjects: 0.310200 ms CreateObjectMapping: 0.063500 ms MarkObjects: 6.624500 ms  DeleteObjects: 75.719200 ms)

========================================================================
Received Prepare
Registering precompiled user dll's ...
Registered in 0.006355 seconds.
Begin MonoManager ReloadAssembly
Native extension for WindowsStandalone target not found
Native extension for WebGL target not found
Refreshing native plugins compatible for Editor in 0.75 ms, found 1 plugins.
Preloading 0 native plugins for Editor in 0.00 ms.
Mono: successfully reloaded assembly
- Completed reload, in  1.868 seconds
Platform modules already initialized, skipping
Refreshing native plugins compatible for Editor in 0.84 ms, found 1 plugins.
Preloading 0 native plugins for Editor in 0.00 ms.
Unloading 1804 Unused Serialized files (Serialized files now loaded: 0)
System memory in use before: 89.1 MB.
System memory in use after: 89.1 MB.

Unloading 12 unused Assets to reduce memory usage. Loaded Objects now: 2345.
Total: 18.629100 ms (FindLiveObjects: 0.300100 ms CreateObjectMapping: 0.071300 ms MarkObjects: 3.017000 ms  DeleteObjects: 15.238100 ms)

========================================================================
Received Prepare
Registering precompiled user dll's ...
Registered in 0.001636 seconds.
Begin MonoManager ReloadAssembly
Native extension for WindowsStandalone target not found
Native extension for WebGL target not found
Refreshing native plugins compatible for Editor in 0.83 ms, found 1 plugins.
Preloading 0 native plugins for Editor in 0.00 ms.
Mono: successfully reloaded assembly
- Completed reload, in  1.453 seconds
Platform modules already initialized, skipping
Refreshing native plugins compatible for Editor in 0.54 ms, found 1 plugins.
Preloading 0 native plugins for Editor in 0.00 ms.
Unloading 1804 Unused Serialized files (Serialized files now loaded: 0)
System memory in use before: 89.1 MB.
System memory in use after: 89.1 MB.

Unloading 12 unused Assets to reduce memory usage. Loaded Objects now: 2349.
Total: 3.149100 ms (FindLiveObjects: 0.278100 ms CreateObjectMapping: 0.073000 ms MarkObjects: 2.606500 ms  DeleteObjects: 0.190000 ms)

========================================================================
Received Prepare
Registering precompiled user dll's ...
Registered in 0.001725 seconds.
Begin MonoManager ReloadAssembly
Native extension for WindowsStandalone target not found
Native extension for WebGL target not found
Refreshing native plugins compatible for Editor in 0.54 ms, found 1 plugins.
Preloading 0 native plugins for Editor in 0.00 ms.
Mono: successfully reloaded assembly
- Completed reload, in  1.355 seconds
Platform modules already initialized, skipping
Refreshing native plugins compatible for Editor in 0.53 ms, found 1 plugins.
Preloading 0 native plugins for Editor in 0.00 ms.
Unloading 1804 Unused Serialized files (Serialized files now loaded: 0)
System memory in use before: 89.1 MB.
System memory in use after: 89.1 MB.

Unloading 12 unused Assets to reduce memory usage. Loaded Objects now: 2353.
Total: 2.714300 ms (FindLiveObjects: 0.292300 ms CreateObjectMapping: 0.073600 ms MarkObjects: 2.059600 ms  DeleteObjects: 0.287300 ms)

========================================================================
Received Prepare
Registering precompiled user dll's ...
Registered in 0.003156 seconds.
Begin MonoManager ReloadAssembly
Native extension for WindowsStandalone target not found
Native extension for WebGL target not found
Refreshing native plugins compatible for Editor in 1.58 ms, found 1 plugins.
Preloading 0 native plugins for Editor in 0.00 ms.
Mono: successfully reloaded assembly
- Completed reload, in  2.094 seconds
Platform modules already initialized, skipping
Refreshing native plugins compatible for Editor in 0.69 ms, found 1 plugins.
Preloading 0 native plugins for Editor in 0.00 ms.
Unloading 1804 Unused Serialized files (Serialized files now loaded: 0)
System memory in use before: 89.1 MB.
System memory in use after: 89.1 MB.

Unloading 12 unused Assets to reduce memory usage. Loaded Objects now: 2357.
Total: 4.249600 ms (FindLiveObjects: 0.434900 ms CreateObjectMapping: 0.091700 ms MarkObjects: 3.485000 ms  DeleteObjects: 0.235100 ms)

========================================================================
Received Import Request.
  Time since last request: 79425.353527 seconds.
  path: Assets/Scripts/Pokemons
  artifactKey: Guid(8ec94cefb4dfc4e4fa86ac9305afef92) Importer(815301076,1909f56bfc062723c751e8b465ee728b)
Start importing Assets/Scripts/Pokemons using Guid(8ec94cefb4dfc4e4fa86ac9305afef92) Importer(815301076,1909f56bfc062723c751e8b465ee728b)  -> (artifact id: '98fe108b9429f9cdcd3fb009c722dfb5') in 0.045947 seconds
  Import took 0.061540 seconds .

========================================================================
Received Import Request.
  Time since last request: 14.397774 seconds.
  path: Assets/Scripts/Pokemons/PokemonBase.cs
  artifactKey: Guid(a7364acbe824812448083c8af6961c12) Importer(815301076,1909f56bfc062723c751e8b465ee728b)
Start importing Assets/Scripts/Pokemons/PokemonBase.cs using Guid(a7364acbe824812448083c8af6961c12) Importer(815301076,1909f56bfc062723c751e8b465ee728b)  -> (artifact id: '8c96997d29fd2c3dae05e84aa5809f69') in 0.036147 seconds
  Import took 0.042158 seconds .

========================================================================
Received Import Request.
  Time since last request: 0.003660 seconds.
  path: Assets/Scripts/Pokemons/PokemonBase.cs
  artifactKey: Guid(a7364acbe824812448083c8af6961c12) Importer(815301076,1909f56bfc062723c751e8b465ee728b)
Start importing Assets/Scripts/Pokemons/PokemonBase.cs using Guid(a7364acbe824812448083c8af6961c12) Importer(815301076,1909f56bfc062723c751e8b465ee728b)  -> (artifact id: '8c96997d29fd2c3dae05e84aa5809f69') in 0.006375 seconds
  Import took 0.012201 seconds .

========================================================================
Received Prepare
Registering precompiled user dll's ...
Registered in 0.002203 seconds.
Begin MonoManager ReloadAssembly
Native extension for WindowsStandalone target not found
Native extension for WebGL target not found
Refreshing native plugins compatible for Editor in 0.64 ms, found 1 plugins.
Preloading 0 native plugins for Editor in 0.00 ms.
Mono: successfully reloaded assembly
- Completed reload, in  1.851 seconds
Platform modules already initialized, skipping
Refreshing native plugins compatible for Editor in 0.67 ms, found 1 plugins.
Preloading 0 native plugins for Editor in 0.00 ms.
Unloading 1805 Unused Serialized files (Serialized files now loaded: 0)
System memory in use before: 89.1 MB.
System memory in use after: 89.1 MB.

Unloading 12 unused Assets to reduce memory usage. Loaded Objects now: 2362.
Total: 3.189600 ms (FindLiveObjects: 0.287300 ms CreateObjectMapping: 0.074000 ms MarkObjects: 2.635900 ms  DeleteObjects: 0.190600 ms)

========================================================================
Received Import Request.
  Time since last request: 535.349982 seconds.
  path: Assets/Scripts/Pokemons/PokemonBase.cs
  artifactKey: Guid(a7364acbe824812448083c8af6961c12) Importer(815301076,1909f56bfc062723c751e8b465ee728b)
Start importing Assets/Scripts/Pokemons/PokemonBase.cs using Guid(a7364acbe824812448083c8af6961c12) Importer(815301076,1909f56bfc062723c751e8b465ee728b)  -> (artifact id: '0bec3b3a383306e153148dcbcc073191') in 0.009107 seconds
  Import took 0.014605 seconds .

========================================================================
Received Prepare
Registering precompiled user dll's ...
Registered in 0.001613 seconds.
Begin MonoManager ReloadAssembly
Native extension for WindowsStandalone target not found
Native extension for WebGL target not found
Refreshing native plugins compatible for Editor in 0.66 ms, found 1 plugins.
Preloading 0 native plugins for Editor in 0.00 ms.
Mono: successfully reloaded assembly
- Completed reload, in  1.717 seconds
Platform modules already initialized, skipping
Refreshing native plugins compatible for Editor in 0.79 ms, found 1 plugins.
Preloading 0 native plugins for Editor in 0.00 ms.
Unloading 1805 Unused Serialized files (Serialized files now loaded: 0)
System memory in use before: 89.1 MB.
System memory in use after: 89.1 MB.

Unloading 12 unused Assets to reduce memory usage. Loaded Objects now: 2366.
Total: 3.735300 ms (FindLiveObjects: 0.366100 ms CreateObjectMapping: 0.073100 ms MarkObjects: 3.097700 ms  DeleteObjects: 0.195900 ms)

========================================================================
Received Import Request.
  Time since last request: 82.024509 seconds.
  path: Assets/Game
  artifactKey: Guid(92be45b7821bda74aac026b0f87685ec) Importer(815301076,1909f56bfc062723c751e8b465ee728b)
Start importing Assets/Game using Guid(92be45b7821bda74aac026b0f87685ec) Importer(815301076,1909f56bfc062723c751e8b465ee728b)  -> (artifact id: 'e517afdef5345d3c697f66a572fb3396') in 0.016175 seconds
  Import took 0.021926 seconds .

========================================================================
Received Import Request.
  Time since last request: 16.636123 seconds.
  path: Assets/Game/Resources
  artifactKey: Guid(017c451831fc5a04dbc5bd35ef40ca28) Importer(815301076,1909f56bfc062723c751e8b465ee728b)
Start importing Assets/Game/Resources using Guid(017c451831fc5a04dbc5bd35ef40ca28) Importer(815301076,1909f56bfc062723c751e8b465ee728b)  -> (artifact id: 'f362188356b3af01bbf72ba23920d8df') in 0.013082 seconds
  Import took 0.018175 seconds .

========================================================================
Received Import Request.
  Time since last request: 29.205678 seconds.
  path: Assets/Game/Resources/Pokemons
  artifactKey: Guid(41d02d159252f9b4491dec837bf450ad) Importer(815301076,1909f56bfc062723c751e8b465ee728b)
Start importing Assets/Game/Resources/Pokemons using Guid(41d02d159252f9b4491dec837bf450ad) Importer(815301076,1909f56bfc062723c751e8b465ee728b)  -> (artifact id: '747a4c57fea01be64d22f4aeba444ca7') in 0.006063 seconds
  Import took 0.011729 seconds .

========================================================================
Received Import Request.
  Time since last request: 15.429827 seconds.
  path: Assets/Game/Resources/Pokemons/Bulbizarre.asset
  artifactKey: Guid(2415d84d53ef60c4fb5d5ba11d684c77) Importer(815301076,1909f56bfc062723c751e8b465ee728b)
Start importing Assets/Game/Resources/Pokemons/Bulbizarre.asset using Guid(2415d84d53ef60c4fb5d5ba11d684c77) Importer(815301076,1909f56bfc062723c751e8b465ee728b)  -> (artifact id: '52fbcab6995f318e7fbc84cfff36ae20') in 0.034637 seconds
  Import took 0.039265 seconds .

========================================================================
Received Import Request.
  Time since last request: 10.140565 seconds.
  path: Assets/Game/Resources/Pokemons/Carapuce.asset
  artifactKey: Guid(2415d84d53ef60c4fb5d5ba11d684c77) Importer(815301076,1909f56bfc062723c751e8b465ee728b)
Start importing Assets/Game/Resources/Pokemons/Carapuce.asset using Guid(2415d84d53ef60c4fb5d5ba11d684c77) Importer(815301076,1909f56bfc062723c751e8b465ee728b)  -> (artifact id: 'c526cdbc203597ac5fdd83da661d3e51') in 0.013688 seconds
  Import took 0.018596 seconds .

========================================================================
Received Import Request.
  Time since last request: 29.915050 seconds.
  path: Assets/Art/Pokemons/Back
  artifactKey: Guid(a38ff21b50e07574bafa28d19ad05886) Importer(815301076,1909f56bfc062723c751e8b465ee728b)
Start importing Assets/Art/Pokemons/Back using Guid(a38ff21b50e07574bafa28d19ad05886) Importer(815301076,1909f56bfc062723c751e8b465ee728b)  -> (artifact id: '869956f5a86a33b1080876d85e997174') in 0.034210 seconds
  Import took 0.040211 seconds .

========================================================================
Received Import Request.
  Time since last request: 0.466938 seconds.
  path: Assets/Art/Pokemons/Back/1.png
  artifactKey: Guid(aacaae602a38f884ab9e02e43de3736d) Importer(815301076,1909f56bfc062723c751e8b465ee728b)
Start importing Assets/Art/Pokemons/Back/1.png using Guid(aacaae602a38f884ab9e02e43de3736d) Importer(815301076,1909f56bfc062723c751e8b465ee728b)  -> (artifact id: '49f06ff05f7d8c41eacc5cf21974bad9') in 0.564855 seconds
  Import took 0.571318 seconds .

========================================================================
Received Import Request.
  Time since last request: 0.000396 seconds.
  path: Assets/Art/Pokemons/Back/8.png
  artifactKey: Guid(1287bcbc279066d459ff39bc3b587760) Importer(815301076,1909f56bfc062723c751e8b465ee728b)
Start importing Assets/Art/Pokemons/Back/8.png using Guid(1287bcbc279066d459ff39bc3b587760) Importer(815301076,1909f56bfc062723c751e8b465ee728b)  -> (artifact id: 'dadf2e3d8abd87f855548b96a56fc48c') in 0.057196 seconds
  Import took 0.063594 seconds .

========================================================================
Received Import Request.
  Time since last request: 0.000404 seconds.
  path: Assets/Art/Pokemons/Back/4.png
  artifactKey: Guid(ed8e1d9976a1fd94d961840d8f6e7764) Importer(815301076,1909f56bfc062723c751e8b465ee728b)
Start importing Assets/Art/Pokemons/Back/4.png using Guid(ed8e1d9976a1fd94d961840d8f6e7764) Importer(815301076,1909f56bfc062723c751e8b465ee728b)  -> (artifact id: 'b195faf0dec7e0fe1ac2953e1df02691') in 0.045028 seconds
  Import took 0.049964 seconds .

========================================================================
Received Import Request.
  Time since last request: 0.000358 seconds.
  path: Assets/Art/Pokemons/Back/9.png
  artifactKey: Guid(612b6aa88e95291469e1d96088ebc649) Importer(815301076,1909f56bfc062723c751e8b465ee728b)
Start importing Assets/Art/Pokemons/Back/9.png using Guid(612b6aa88e95291469e1d96088ebc649) Importer(815301076,1909f56bfc062723c751e8b465ee728b)  -> (artifact id: 'b6de9ad250b00bdb755be62a01811473') in 0.081614 seconds
  Import took 0.087521 seconds .

========================================================================
Received Import Request.
  Time since last request: 0.000401 seconds.
  path: Assets/Art/Pokemons/Back/6.png
  artifactKey: Guid(4e7023cd378451d4d80b1c653bb62ff7) Importer(815301076,1909f56bfc062723c751e8b465ee728b)
Start importing Assets/Art/Pokemons/Back/6.png using Guid(4e7023cd378451d4d80b1c653bb62ff7) Importer(815301076,1909f56bfc062723c751e8b465ee728b)  -> (artifact id: 'caa2794e235651a047ad367c36926164') in 0.034958 seconds
  Import took 0.040097 seconds .

========================================================================
Received Import Request.
  Time since last request: 0.000380 seconds.
  path: Assets/Art/Pokemons/Back/3.png
  artifactKey: Guid(4ad46572811440e479a498ba4754f89d) Importer(815301076,1909f56bfc062723c751e8b465ee728b)
Start importing Assets/Art/Pokemons/Back/3.png using Guid(4ad46572811440e479a498ba4754f89d) Importer(815301076,1909f56bfc062723c751e8b465ee728b)  -> (artifact id: '51b2ec2f55d825bf98553c9167aafe85') in 0.032399 seconds
  Import took 0.037532 seconds .

========================================================================
Received Import Request.
  Time since last request: 0.000417 seconds.
  path: Assets/Art/Pokemons/Back/7.png
  artifactKey: Guid(18fc6e8e3f72b154fba88f358748be28) Importer(815301076,1909f56bfc062723c751e8b465ee728b)
Start importing Assets/Art/Pokemons/Back/7.png using Guid(18fc6e8e3f72b154fba88f358748be28) Importer(815301076,1909f56bfc062723c751e8b465ee728b)  -> (artifact id: '90c3bb23e41316f2c1f777cdb2b8bfd9') in 0.036754 seconds
  Import took 0.040992 seconds .

========================================================================
Received Import Request.
  Time since last request: 0.000382 seconds.
  path: Assets/Art/Pokemons/Back/2.png
  artifactKey: Guid(653a6fe1d97188644a3747cd5e674bc4) Importer(815301076,1909f56bfc062723c751e8b465ee728b)
Start importing Assets/Art/Pokemons/Back/2.png using Guid(653a6fe1d97188644a3747cd5e674bc4) Importer(815301076,1909f56bfc062723c751e8b465ee728b)  -> (artifact id: 'c7e44e52ff85d886de43a14b7669300c') in 0.031796 seconds
  Import took 0.036474 seconds .

========================================================================
Received Import Request.
  Time since last request: 0.000381 seconds.
  path: Assets/Art/Pokemons/Back/5.png
  artifactKey: Guid(ade6afd9cbd5c1740bf6046d9a18b97d) Importer(815301076,1909f56bfc062723c751e8b465ee728b)
Start importing Assets/Art/Pokemons/Back/5.png using Guid(ade6afd9cbd5c1740bf6046d9a18b97d) Importer(815301076,1909f56bfc062723c751e8b465ee728b)  -> (artifact id: 'c98c22b9424e87e53b7563d34860fac5') in 0.032830 seconds
  Import took 0.037587 seconds .

========================================================================
Received Import Request.
  Time since last request: 0.000393 seconds.
  path: Assets/Art/Pokemons/Back/2.png
  artifactKey: Guid(653a6fe1d97188644a3747cd5e674bc4) Importer(815301076,1909f56bfc062723c751e8b465ee728b)
Start importing Assets/Art/Pokemons/Back/2.png using Guid(653a6fe1d97188644a3747cd5e674bc4) Importer(815301076,1909f56bfc062723c751e8b465ee728b)  -> (artifact id: 'c7e44e52ff85d886de43a14b7669300c') in 0.013596 seconds
  Import took 0.018272 seconds .

========================================================================
Received Import Request.
  Time since last request: 17.013704 seconds.
  path: Assets/Art/Pokemons/Front/1.png
  artifactKey: Guid(0f37bf3cf5680a64d863b5f155b2a597) Importer(815301076,1909f56bfc062723c751e8b465ee728b)
Start importing Assets/Art/Pokemons/Front/1.png using Guid(0f37bf3cf5680a64d863b5f155b2a597) Importer(815301076,1909f56bfc062723c751e8b465ee728b)  -> (artifact id: 'fe16ca5877c53aa33e8df25055a8ea0f') in 0.063319 seconds
  Import took 0.069645 seconds .

========================================================================
Received Import Request.
  Time since last request: 0.000346 seconds.
  path: Assets/Art/Pokemons/Front/4.png
  artifactKey: Guid(cd259d9d4f8ba2749a16d1cc64d46bec) Importer(815301076,1909f56bfc062723c751e8b465ee728b)
Start importing Assets/Art/Pokemons/Front/4.png using Guid(cd259d9d4f8ba2749a16d1cc64d46bec) Importer(815301076,1909f56bfc062723c751e8b465ee728b)  -> (artifact id: '2ac2377e48082afaebd57a076a3dd841') in 0.029020 seconds
  Import took 0.034589 seconds .

========================================================================
Received Import Request.
  Time since last request: 0.000399 seconds.
  path: Assets/Art/Pokemons/Front/2.png
  artifactKey: Guid(179bd38ab997c7440844309bc52e708a) Importer(815301076,1909f56bfc062723c751e8b465ee728b)
Start importing Assets/Art/Pokemons/Front/2.png using Guid(179bd38ab997c7440844309bc52e708a) Importer(815301076,1909f56bfc062723c751e8b465ee728b)  -> (artifact id: 'e65260623201ba5c77667238ea273e47') in 0.028480 seconds
  Import took 0.033313 seconds .

========================================================================
Received Import Request.
  Time since last request: 0.000346 seconds.
  path: Assets/Art/Pokemons/Front/3.png
  artifactKey: Guid(843823c80be1fe244945120519a22e53) Importer(815301076,1909f56bfc062723c751e8b465ee728b)
Start importing Assets/Art/Pokemons/Front/3.png using Guid(843823c80be1fe244945120519a22e53) Importer(815301076,1909f56bfc062723c751e8b465ee728b)  -> (artifact id: '383468749235f120178dc4968a51b9fb') in 0.051439 seconds
  Import took 0.055848 seconds .

========================================================================
Received Import Request.
  Time since last request: 0.000337 seconds.
  path: Assets/Art/Pokemons/Front/1.png
  artifactKey: Guid(0f37bf3cf5680a64d863b5f155b2a597) Importer(815301076,1909f56bfc062723c751e8b465ee728b)
Start importing Assets/Art/Pokemons/Front/1.png using Guid(0f37bf3cf5680a64d863b5f155b2a597) Importer(815301076,1909f56bfc062723c751e8b465ee728b)  -> (artifact id: 'fe16ca5877c53aa33e8df25055a8ea0f') in 0.014751 seconds
  Import took 0.019844 seconds .

========================================================================
Received Import Request.
  Time since last request: 0.869816 seconds.
  path: Assets/Art/Pokemons/Front/5.png
  artifactKey: Guid(7b639ec515c410e4ebf517fc3899e3bd) Importer(815301076,1909f56bfc062723c751e8b465ee728b)
Start importing Assets/Art/Pokemons/Front/5.png using Guid(7b639ec515c410e4ebf517fc3899e3bd) Importer(815301076,1909f56bfc062723c751e8b465ee728b)  -> (artifact id: '784094d9dd579d46b95bd339524943d9') in 0.081629 seconds
  Import took 0.086582 seconds .

========================================================================
Received Import Request.
  Time since last request: 0.224652 seconds.
  path: Assets/Art/Pokemons/Front/6.png
  artifactKey: Guid(d819d29c71518d340b52028b17af51c2) Importer(815301076,1909f56bfc062723c751e8b465ee728b)
Start importing Assets/Art/Pokemons/Front/6.png using Guid(d819d29c71518d340b52028b17af51c2) Importer(815301076,1909f56bfc062723c751e8b465ee728b)  -> (artifact id: '9fcf5c0865066cb6eb9afaf8e5c4622b') in 0.030826 seconds
  Import took 0.037547 seconds .

========================================================================
Received Import Request.
  Time since last request: 0.000287 seconds.
  path: Assets/Art/Pokemons/Front/8.png
  artifactKey: Guid(9b0e6fc5f36b9ec4197e23d680b3707a) Importer(815301076,1909f56bfc062723c751e8b465ee728b)
Start importing Assets/Art/Pokemons/Front/8.png using Guid(9b0e6fc5f36b9ec4197e23d680b3707a) Importer(815301076,1909f56bfc062723c751e8b465ee728b)  -> (artifact id: '1f48c8bd8340366bed81a415d324316a') in 0.039969 seconds
  Import took 0.045093 seconds .

========================================================================
Received Import Request.
  Time since last request: 0.000323 seconds.
  path: Assets/Art/Pokemons/Front/7.png
  artifactKey: Guid(818cf159951cf9a4e8e810b2bbab4096) Importer(815301076,1909f56bfc062723c751e8b465ee728b)
Start importing Assets/Art/Pokemons/Front/7.png using Guid(818cf159951cf9a4e8e810b2bbab4096) Importer(815301076,1909f56bfc062723c751e8b465ee728b)  -> (artifact id: 'fbf70508cb68dd306ced90455a3ba1bf') in 0.031720 seconds
  Import took 0.036665 seconds .

========================================================================
Received Import Request.
  Time since last request: 0.000458 seconds.
  path: Assets/Art/Pokemons/Front/9.png
  artifactKey: Guid(163cdf30ffc80c34d918ea83ab5e762f) Importer(815301076,1909f56bfc062723c751e8b465ee728b)
Start importing Assets/Art/Pokemons/Front/9.png using Guid(163cdf30ffc80c34d918ea83ab5e762f) Importer(815301076,1909f56bfc062723c751e8b465ee728b)  -> (artifact id: '29cd508fce0fe94cb5dcffe83ded5c34') in 0.030933 seconds
  Import took 0.035633 seconds .

========================================================================
Received Import Request.
  Time since last request: 168.004474 seconds.
  path: Assets/Game/Resources/Pokemons/Salamèche.asset
  artifactKey: Guid(1e2234245a7af4a4cb94f6479cb438e1) Importer(815301076,1909f56bfc062723c751e8b465ee728b)
Start importing Assets/Game/Resources/Pokemons/Salamèche.asset using Guid(1e2234245a7af4a4cb94f6479cb438e1) Importer(815301076,1909f56bfc062723c751e8b465ee728b)  -> (artifact id: 'b13e1c0fdd96eb5dd1a55ddba14523cb') in 0.021370 seconds
  Import took 0.027033 seconds .

========================================================================
Received Import Request.
  Time since last request: 58.189820 seconds.
  path: Assets/Game/Resources/Pokemons/Bulbizarre.asset
  artifactKey: Guid(53c54e2da3d98b140a8aaaae58da04b9) Importer(815301076,1909f56bfc062723c751e8b465ee728b)
Start importing Assets/Game/Resources/Pokemons/Bulbizarre.asset using Guid(53c54e2da3d98b140a8aaaae58da04b9) Importer(815301076,1909f56bfc062723c751e8b465ee728b)  -> (artifact id: 'b0afc0baf4dcd2c9f19ea2b8e30035b0') in 0.006454 seconds
  Import took 0.010644 seconds .

========================================================================
Received Import Request.
  Time since last request: 0.002544 seconds.
  path: Assets/Game/Resources/Pokemons/Bulbizarre.asset
  artifactKey: Guid(53c54e2da3d98b140a8aaaae58da04b9) Importer(815301076,1909f56bfc062723c751e8b465ee728b)
Start importing Assets/Game/Resources/Pokemons/Bulbizarre.asset using Guid(53c54e2da3d98b140a8aaaae58da04b9) Importer(815301076,1909f56bfc062723c751e8b465ee728b)  -> (artifact id: 'b0afc0baf4dcd2c9f19ea2b8e30035b0') in 0.005361 seconds
  Import took 0.009417 seconds .

========================================================================
Received Import Request.
  Time since last request: 118.546256 seconds.
  path: Assets/Scripts/Pokemons/Pokemon.cs
  artifactKey: Guid(3852ea9e34368aa4cb59a41fd9744480) Importer(815301076,1909f56bfc062723c751e8b465ee728b)
Start importing Assets/Scripts/Pokemons/Pokemon.cs using Guid(3852ea9e34368aa4cb59a41fd9744480) Importer(815301076,1909f56bfc062723c751e8b465ee728b)  -> (artifact id: '79fd097c0c5073eb862b402d9df09063') in 0.027134 seconds
  Import took 0.034028 seconds .

========================================================================
Received Prepare
Registering precompiled user dll's ...
Registered in 0.003776 seconds.
Begin MonoManager ReloadAssembly
Native extension for WindowsStandalone target not found
Native extension for WebGL target not found
Refreshing native plugins compatible for Editor in 0.64 ms, found 1 plugins.
Preloading 0 native plugins for Editor in 0.00 ms.
Mono: successfully reloaded assembly
- Completed reload, in  1.655 seconds
Platform modules already initialized, skipping
Refreshing native plugins compatible for Editor in 0.56 ms, found 1 plugins.
Preloading 0 native plugins for Editor in 0.00 ms.
Unloading 1806 Unused Serialized files (Serialized files now loaded: 0)
System memory in use before: 89.2 MB.
System memory in use after: 89.2 MB.

Unloading 12 unused Assets to reduce memory usage. Loaded Objects now: 2390.
Total: 3.873100 ms (FindLiveObjects: 0.344300 ms CreateObjectMapping: 0.105500 ms MarkObjects: 3.218000 ms  DeleteObjects: 0.202800 ms)

========================================================================
Received Import Request.
  Time since last request: 144.901795 seconds.
  path: Assets/Scripts/Pokemons/Pokemon.cs
  artifactKey: Guid(3852ea9e34368aa4cb59a41fd9744480) Importer(815301076,1909f56bfc062723c751e8b465ee728b)
Start importing Assets/Scripts/Pokemons/Pokemon.cs using Guid(3852ea9e34368aa4cb59a41fd9744480) Importer(815301076,1909f56bfc062723c751e8b465ee728b)  -> (artifact id: 'b4acfd613ab5f11a746e72fcd411f073') in 0.008206 seconds
  Import took 0.013588 seconds .

========================================================================
Received Prepare
Registering precompiled user dll's ...
Registered in 0.001569 seconds.
Begin MonoManager ReloadAssembly
Native extension for WindowsStandalone target not found
Native extension for WebGL target not found
Refreshing native plugins compatible for Editor in 0.54 ms, found 1 plugins.
Preloading 0 native plugins for Editor in 0.00 ms.
Mono: successfully reloaded assembly
- Completed reload, in  1.209 seconds
Platform modules already initialized, skipping
Refreshing native plugins compatible for Editor in 0.55 ms, found 1 plugins.
Preloading 0 native plugins for Editor in 0.00 ms.
Unloading 1806 Unused Serialized files (Serialized files now loaded: 0)
System memory in use before: 89.2 MB.
System memory in use after: 89.2 MB.

Unloading 12 unused Assets to reduce memory usage. Loaded Objects now: 2394.
Total: 4.418700 ms (FindLiveObjects: 0.349400 ms CreateObjectMapping: 0.107200 ms MarkObjects: 3.757000 ms  DeleteObjects: 0.202000 ms)

========================================================================
Received Import Request.
  Time since last request: 513.169656 seconds.
  path: Assets/Scripts/Pokemons/Pokemon.cs
  artifactKey: Guid(3852ea9e34368aa4cb59a41fd9744480) Importer(815301076,1909f56bfc062723c751e8b465ee728b)
Start importing Assets/Scripts/Pokemons/Pokemon.cs using Guid(3852ea9e34368aa4cb59a41fd9744480) Importer(815301076,1909f56bfc062723c751e8b465ee728b)  -> (artifact id: '4816344845eca6c43654aca37a3a6399') in 0.008181 seconds
  Import took 0.020501 seconds .

========================================================================
Received Prepare
Registering precompiled user dll's ...
Registered in 0.002062 seconds.
Begin MonoManager ReloadAssembly
Native extension for WindowsStandalone target not found
Native extension for WebGL target not found
Refreshing native plugins compatible for Editor in 0.79 ms, found 1 plugins.
Preloading 0 native plugins for Editor in 0.00 ms.
Mono: successfully reloaded assembly
- Completed reload, in  1.937 seconds
Platform modules already initialized, skipping
Refreshing native plugins compatible for Editor in 0.52 ms, found 1 plugins.
Preloading 0 native plugins for Editor in 0.00 ms.
Unloading 1806 Unused Serialized files (Serialized files now loaded: 0)
System memory in use before: 89.2 MB.
System memory in use after: 89.2 MB.

Unloading 12 unused Assets to reduce memory usage. Loaded Objects now: 2398.
Total: 3.809600 ms (FindLiveObjects: 0.390800 ms CreateObjectMapping: 0.108500 ms MarkObjects: 3.103700 ms  DeleteObjects: 0.204700 ms)

========================================================================
Received Import Request.
  Time since last request: 314.558288 seconds.
  path: Assets/Scripts/Pokemons/Pokemon.cs
  artifactKey: Guid(3852ea9e34368aa4cb59a41fd9744480) Importer(815301076,1909f56bfc062723c751e8b465ee728b)
Start importing Assets/Scripts/Pokemons/Pokemon.cs using Guid(3852ea9e34368aa4cb59a41fd9744480) Importer(815301076,1909f56bfc062723c751e8b465ee728b)  -> (artifact id: '1d85443ba5ed855361c46feeedd20e2c') in 0.008291 seconds
  Import took 0.012257 seconds .

========================================================================
Received Import Request.
  Time since last request: 4.310674 seconds.
  path: Assets/Scripts/Pokemons/MoveBase.cs
  artifactKey: Guid(61b85c15f7959cb4c85f7abd2e647ae8) Importer(815301076,1909f56bfc062723c751e8b465ee728b)
Start importing Assets/Scripts/Pokemons/MoveBase.cs using Guid(61b85c15f7959cb4c85f7abd2e647ae8) Importer(815301076,1909f56bfc062723c751e8b465ee728b)  -> (artifact id: '3be015f15f8ad62719b06157f909c23b') in 0.014749 seconds
  Import took 0.031248 seconds .

========================================================================
Received Import Request.
  Time since last request: 0.005967 seconds.
  path: Assets/Scripts/Pokemons/MoveBase.cs
  artifactKey: Guid(61b85c15f7959cb4c85f7abd2e647ae8) Importer(815301076,1909f56bfc062723c751e8b465ee728b)
Start importing Assets/Scripts/Pokemons/MoveBase.cs using Guid(61b85c15f7959cb4c85f7abd2e647ae8) Importer(815301076,1909f56bfc062723c751e8b465ee728b)  -> (artifact id: '3be015f15f8ad62719b06157f909c23b') in 0.005608 seconds
  Import took 0.010823 seconds .

========================================================================
Received Prepare
Registering precompiled user dll's ...
Registered in 0.003611 seconds.
Begin MonoManager ReloadAssembly
Native extension for WindowsStandalone target not found
Native extension for WebGL target not found
Refreshing native plugins compatible for Editor in 0.89 ms, found 1 plugins.
Preloading 0 native plugins for Editor in 0.00 ms.
Mono: successfully reloaded assembly
- Completed reload, in  1.878 seconds
Platform modules already initialized, skipping
Refreshing native plugins compatible for Editor in 0.69 ms, found 1 plugins.
Preloading 0 native plugins for Editor in 0.00 ms.
Unloading 1807 Unused Serialized files (Serialized files now loaded: 0)
System memory in use before: 89.3 MB.
System memory in use after: 89.2 MB.

Unloading 12 unused Assets to reduce memory usage. Loaded Objects now: 2403.
Total: 3.573500 ms (FindLiveObjects: 0.327500 ms CreateObjectMapping: 0.091500 ms MarkObjects: 2.980100 ms  DeleteObjects: 0.172300 ms)

========================================================================
Received Prepare
Registering precompiled user dll's ...
Registered in 0.001719 seconds.
Begin MonoManager ReloadAssembly
Native extension for WindowsStandalone target not found
Native extension for WebGL target not found
Refreshing native plugins compatible for Editor in 0.83 ms, found 1 plugins.
Preloading 0 native plugins for Editor in 0.00 ms.
Mono: successfully reloaded assembly
- Completed reload, in  1.579 seconds
Platform modules already initialized, skipping
Refreshing native plugins compatible for Editor in 0.55 ms, found 1 plugins.
Preloading 0 native plugins for Editor in 0.00 ms.
Unloading 1807 Unused Serialized files (Serialized files now loaded: 0)
System memory in use before: 89.3 MB.
System memory in use after: 89.3 MB.

Unloading 12 unused Assets to reduce memory usage. Loaded Objects now: 2407.
Total: 3.263000 ms (FindLiveObjects: 0.282800 ms CreateObjectMapping: 0.069500 ms MarkObjects: 2.718900 ms  DeleteObjects: 0.189500 ms)

========================================================================
Received Import Request.
  Time since last request: 574.516965 seconds.
  path: Assets/Game/Resources/Moves
  artifactKey: Guid(203b60e60565c80408b740a35911a7db) Importer(815301076,1909f56bfc062723c751e8b465ee728b)
Start importing Assets/Game/Resources/Moves using Guid(203b60e60565c80408b740a35911a7db) Importer(815301076,1909f56bfc062723c751e8b465ee728b)  -> (artifact id: '2dec2115f1eec537016a7fec0ed9f097') in 0.015473 seconds
  Import took 0.026149 seconds .

========================================================================
Received Import Request.
  Time since last request: 21.573672 seconds.
  path: Assets/Game/Resources/Moves/Charge.asset
  artifactKey: Guid(67bf100eab12c334f80e04f0d4ee1916) Importer(815301076,1909f56bfc062723c751e8b465ee728b)
Start importing Assets/Game/Resources/Moves/Charge.asset using Guid(67bf100eab12c334f80e04f0d4ee1916) Importer(815301076,1909f56bfc062723c751e8b465ee728b)  -> (artifact id: '0e6a1c6982ecebde64854665ec9ec187') in 0.034651 seconds
  Import took 0.039901 seconds .

========================================================================
Received Import Request.
  Time since last request: 24.622808 seconds.
  path: Assets/Game/Resources/Moves/Rugissement.asset
  artifactKey: Guid(07fe02affd66b87409f9261297673d31) Importer(815301076,1909f56bfc062723c751e8b465ee728b)
Start importing Assets/Game/Resources/Moves/Rugissement.asset using Guid(07fe02affd66b87409f9261297673d31) Importer(815301076,1909f56bfc062723c751e8b465ee728b)  -> (artifact id: '444f2fa558e39dd50aa7d6b96d07bb6d') in 0.031165 seconds
  Import took 0.037465 seconds .

========================================================================
Received Import Request.
  Time since last request: 11.099864 seconds.
  path: Assets/Game/Resources/Moves/Flammèche.asset
  artifactKey: Guid(44ad379b276c9cf46ba0b9a2191d1659) Importer(815301076,1909f56bfc062723c751e8b465ee728b)
Start importing Assets/Game/Resources/Moves/Flammèche.asset using Guid(44ad379b276c9cf46ba0b9a2191d1659) Importer(815301076,1909f56bfc062723c751e8b465ee728b)  -> (artifact id: '991370147094e2d201454081bd477521') in 0.013587 seconds
  Import took 0.018379 seconds .

========================================================================
Received Import Request.
  Time since last request: 22.150604 seconds.
  path: Assets/Game/Resources/Moves/Fouet Lianes.asset
  artifactKey: Guid(0a459b5c318475240bde2d9c895f3f36) Importer(815301076,1909f56bfc062723c751e8b465ee728b)
Start importing Assets/Game/Resources/Moves/Fouet Lianes.asset using Guid(0a459b5c318475240bde2d9c895f3f36) Importer(815301076,1909f56bfc062723c751e8b465ee728b)  -> (artifact id: '4753d2ef6dc27ecb73f07c28410f2569') in 0.021512 seconds
  Import took 0.027016 seconds .

========================================================================
Received Import Request.
  Time since last request: 32.686549 seconds.
  path: Assets/Game/Resources/Moves/Griffe.asset
  artifactKey: Guid(8bb6d226e2ec51444bef3575507f21db) Importer(815301076,1909f56bfc062723c751e8b465ee728b)
Start importing Assets/Game/Resources/Moves/Griffe.asset using Guid(8bb6d226e2ec51444bef3575507f21db) Importer(815301076,1909f56bfc062723c751e8b465ee728b)  -> (artifact id: '332b3675176491172161d41462c6336c') in 0.016624 seconds
  Import took 0.022255 seconds .

========================================================================
Received Import Request.
  Time since last request: 0.008595 seconds.
  path: Assets/Game/Resources/Moves/Griffe.asset
  artifactKey: Guid(8bb6d226e2ec51444bef3575507f21db) Importer(815301076,1909f56bfc062723c751e8b465ee728b)
Start importing Assets/Game/Resources/Moves/Griffe.asset using Guid(8bb6d226e2ec51444bef3575507f21db) Importer(815301076,1909f56bfc062723c751e8b465ee728b)  -> (artifact id: '332b3675176491172161d41462c6336c') in 0.005364 seconds
  Import took 0.009871 seconds .

========================================================================
Received Prepare
Registering precompiled user dll's ...
Registered in 0.001608 seconds.
Begin MonoManager ReloadAssembly
Native extension for WindowsStandalone target not found
Native extension for WebGL target not found
Refreshing native plugins compatible for Editor in 0.61 ms, found 1 plugins.
Preloading 0 native plugins for Editor in 0.00 ms.
Mono: successfully reloaded assembly
- Completed reload, in  1.771 seconds
Platform modules already initialized, skipping
Refreshing native plugins compatible for Editor in 0.79 ms, found 1 plugins.
Preloading 0 native plugins for Editor in 0.00 ms.
Unloading 1807 Unused Serialized files (Serialized files now loaded: 0)
System memory in use before: 89.3 MB.
System memory in use after: 89.3 MB.

Unloading 12 unused Assets to reduce memory usage. Loaded Objects now: 2411.
Total: 3.737400 ms (FindLiveObjects: 0.278300 ms CreateObjectMapping: 0.102500 ms MarkObjects: 3.186500 ms  DeleteObjects: 0.168500 ms)

========================================================================
Received Import Request.
  Time since last request: 219.713177 seconds.
  path: Assets/Scripts/Pokemons/Move.cs
  artifactKey: Guid(f2283b5f9e107374a8518fe2ca3e6b86) Importer(815301076,1909f56bfc062723c751e8b465ee728b)
Start importing Assets/Scripts/Pokemons/Move.cs using Guid(f2283b5f9e107374a8518fe2ca3e6b86) Importer(815301076,1909f56bfc062723c751e8b465ee728b)  -> (artifact id: 'fb79f972a470fdbc174d6784ff29a43e') in 0.056680 seconds
  Import took 0.062711 seconds .

========================================================================
Received Prepare
Registering precompiled user dll's ...
Registered in 0.002030 seconds.
Begin MonoManager ReloadAssembly
Native extension for WindowsStandalone target not found
Native extension for WebGL target not found
Refreshing native plugins compatible for Editor in 0.79 ms, found 1 plugins.
Preloading 0 native plugins for Editor in 0.00 ms.
Mono: successfully reloaded assembly
- Completed reload, in  1.881 seconds
Platform modules already initialized, skipping
Refreshing native plugins compatible for Editor in 0.98 ms, found 1 plugins.
Preloading 0 native plugins for Editor in 0.00 ms.
Unloading 1808 Unused Serialized files (Serialized files now loaded: 0)
System memory in use before: 89.3 MB.
System memory in use after: 89.3 MB.

Unloading 12 unused Assets to reduce memory usage. Loaded Objects now: 2416.
Total: 4.963200 ms (FindLiveObjects: 0.413700 ms CreateObjectMapping: 0.187300 ms MarkObjects: 4.010400 ms  DeleteObjects: 0.349000 ms)

========================================================================
Received Import Request.
  Time since last request: 520.000406 seconds.
  path: Assets/Scripts/Pokemons/Move.cs
  artifactKey: Guid(f2283b5f9e107374a8518fe2ca3e6b86) Importer(815301076,1909f56bfc062723c751e8b465ee728b)
Start importing Assets/Scripts/Pokemons/Move.cs using Guid(f2283b5f9e107374a8518fe2ca3e6b86) Importer(815301076,1909f56bfc062723c751e8b465ee728b)  -> (artifact id: 'b80181d15edfa7e0fe0dc0fee8d28ef2') in 0.011407 seconds
  Import took 0.016860 seconds .

========================================================================
Received Prepare
Registering precompiled user dll's ...
Registered in 0.001763 seconds.
Begin MonoManager ReloadAssembly
Native extension for WindowsStandalone target not found
Native extension for WebGL target not found
Refreshing native plugins compatible for Editor in 0.89 ms, found 1 plugins.
Preloading 0 native plugins for Editor in 0.00 ms.
Mono: successfully reloaded assembly
- Completed reload, in  1.979 seconds
Platform modules already initialized, skipping
Refreshing native plugins compatible for Editor in 0.64 ms, found 1 plugins.
Preloading 0 native plugins for Editor in 0.00 ms.
Unloading 1808 Unused Serialized files (Serialized files now loaded: 0)
System memory in use before: 89.3 MB.
System memory in use after: 89.3 MB.

Unloading 12 unused Assets to reduce memory usage. Loaded Objects now: 2420.
Total: 4.619000 ms (FindLiveObjects: 0.488500 ms CreateObjectMapping: 0.089400 ms MarkObjects: 3.805400 ms  DeleteObjects: 0.231900 ms)

========================================================================
Received Import Request.
  Time since last request: 772.161362 seconds.
  path: Assets/Game/Resources/Moves/Ecume.asset
  artifactKey: Guid(e263fee5e45488645bcea3e1531be068) Importer(815301076,1909f56bfc062723c751e8b465ee728b)
Start importing Assets/Game/Resources/Moves/Ecume.asset using Guid(e263fee5e45488645bcea3e1531be068) Importer(815301076,1909f56bfc062723c751e8b465ee728b)  -> (artifact id: '9d43e8ae970e771e6e91bdd6c3e7534f') in 0.041367 seconds
  Import took 0.099755 seconds .

========================================================================
Received Prepare
Registering precompiled user dll's ...
Registered in 0.001529 seconds.
Begin MonoManager ReloadAssembly
Native extension for WindowsStandalone target not found
Native extension for WebGL target not found
Refreshing native plugins compatible for Editor in 0.70 ms, found 1 plugins.
Preloading 0 native plugins for Editor in 0.00 ms.
Mono: successfully reloaded assembly
- Completed reload, in  1.610 seconds
Platform modules already initialized, skipping
Refreshing native plugins compatible for Editor in 0.74 ms, found 1 plugins.
Preloading 0 native plugins for Editor in 0.00 ms.
Unloading 1808 Unused Serialized files (Serialized files now loaded: 0)
System memory in use before: 89.3 MB.
System memory in use after: 89.3 MB.

Unloading 12 unused Assets to reduce memory usage. Loaded Objects now: 2424.
Total: 4.853800 ms (FindLiveObjects: 0.639900 ms CreateObjectMapping: 0.144600 ms MarkObjects: 3.596000 ms  DeleteObjects: 0.470600 ms)

========================================================================
Received Import Request.
  Time since last request: 908.907869 seconds.
  path: Assets/Art/Battle/Battle Backgrounds.png
  artifactKey: Guid(5e92e4381a92d5649bd2246f7decdb7b) Importer(815301076,1909f56bfc062723c751e8b465ee728b)
Start importing Assets/Art/Battle/Battle Backgrounds.png using Guid(5e92e4381a92d5649bd2246f7decdb7b) Importer(815301076,1909f56bfc062723c751e8b465ee728b)  -> (artifact id: 'bc4dc0e954f6e6d8bf49d9f6ca024012') in 0.634826 seconds
  Import took 0.641452 seconds .

========================================================================
Received Import Request.
  Time since last request: 0.000340 seconds.
  path: Assets/Art/Battle/dialog-plain.png
  artifactKey: Guid(7ef9774e3c0bf9a4bbf48547a6c1a91c) Importer(815301076,1909f56bfc062723c751e8b465ee728b)
Start importing Assets/Art/Battle/dialog-plain.png using Guid(7ef9774e3c0bf9a4bbf48547a6c1a91c) Importer(815301076,1909f56bfc062723c751e8b465ee728b)  -> (artifact id: '6e59756874cbb67c1e2a721946bba973') in 0.137925 seconds
  Import took 0.144078 seconds .

========================================================================
Received Import Request.
  Time since last request: 0.000390 seconds.
  path: Assets/Art/Battle/hud-box.png
  artifactKey: Guid(6f610b5528ac96740bf6cb0105d63380) Importer(815301076,1909f56bfc062723c751e8b465ee728b)
Start importing Assets/Art/Battle/hud-box.png using Guid(6f610b5528ac96740bf6cb0105d63380) Importer(815301076,1909f56bfc062723c751e8b465ee728b)  -> (artifact id: 'b01f273673f6898aaced7787f57a6776') in 0.043527 seconds
  Import took 0.048496 seconds .

========================================================================
Received Import Request.
  Time since last request: 0.000448 seconds.
  path: Assets/Art/Battle/Orange kid.ttf
  artifactKey: Guid(4b8b6386a3ed9534ba5ba611634ce86b) Importer(815301076,1909f56bfc062723c751e8b465ee728b)
Start importing Assets/Art/Battle/Orange kid.ttf using Guid(4b8b6386a3ed9534ba5ba611634ce86b) Importer(815301076,1909f56bfc062723c751e8b465ee728b)  -> (artifact id: '32ab7c44a468be7fe392913924dc83e7') in 1.101455 seconds
  Import took 1.106398 seconds .

========================================================================
Received Import Request.
  Time since last request: 20.435862 seconds.
  path: Assets/Art/Items/balls.png
  artifactKey: Guid(f64ca9a0e50d2214aa7054deb58e16bc) Importer(815301076,1909f56bfc062723c751e8b465ee728b)
Start importing Assets/Art/Items/balls.png using Guid(f64ca9a0e50d2214aa7054deb58e16bc) Importer(815301076,1909f56bfc062723c751e8b465ee728b)  -> (artifact id: 'a99bad3c49d9ad02e2d9f20cf6aa9619') in 0.162659 seconds
  Import took 0.168205 seconds .

========================================================================
Received Import Request.
  Time since last request: 3.588549 seconds.
  path: Assets/Art/Trainers/Brendan_Back.png
  artifactKey: Guid(baa5750aa0d75e64e8eb49f1026dd821) Importer(815301076,1909f56bfc062723c751e8b465ee728b)
Start importing Assets/Art/Trainers/Brendan_Back.png using Guid(baa5750aa0d75e64e8eb49f1026dd821) Importer(815301076,1909f56bfc062723c751e8b465ee728b)  -> (artifact id: 'e5f9ead01fc3e8f8018ba91188af6309') in 0.039726 seconds
  Import took 0.045672 seconds .

========================================================================
Received Import Request.
  Time since last request: 2.454330 seconds.
  path: Assets/Art/Items/potion_tileset.png
  artifactKey: Guid(aa741d7178734584d8164ffe41cd1e18) Importer(815301076,1909f56bfc062723c751e8b465ee728b)
Start importing Assets/Art/Items/potion_tileset.png using Guid(aa741d7178734584d8164ffe41cd1e18) Importer(815301076,1909f56bfc062723c751e8b465ee728b)  -> (artifact id: '1a36a84562b6d62a505af443753c44d9') in 0.038711 seconds
  Import took 0.045045 seconds .

========================================================================
Received Import Request.
  Time since last request: 0.328722 seconds.
  path: Assets/Art/Trainers/CoolTrainer_M.png
  artifactKey: Guid(ea343628e3f7cf04e84d3f5fa8505353) Importer(815301076,1909f56bfc062723c751e8b465ee728b)
Start importing Assets/Art/Trainers/CoolTrainer_M.png using Guid(ea343628e3f7cf04e84d3f5fa8505353) Importer(815301076,1909f56bfc062723c751e8b465ee728b)  -> (artifact id: '7e17e459af03a092650379700ac88ef2') in 0.061136 seconds
  Import took 0.067540 seconds .

========================================================================
Received Import Request.
  Time since last request: 230.255531 seconds.
  path: Assets/Art/Battle/Battle Backgrounds.png
  artifactKey: Guid(5e92e4381a92d5649bd2246f7decdb7b) Importer(815301076,1909f56bfc062723c751e8b465ee728b)
Start importing Assets/Art/Battle/Battle Backgrounds.png using Guid(5e92e4381a92d5649bd2246f7decdb7b) Importer(815301076,1909f56bfc062723c751e8b465ee728b)  -> (artifact id: 'b1f72f0d25e2e9bedd61a22181d7237c') in 0.111200 seconds
  Import took 0.115864 seconds .

========================================================================
Received Import Request.
  Time since last request: 2376.531747 seconds.
  path: Assets/Scripts/Battle
  artifactKey: Guid(43d9926c40c43af409e18851729b69d5) Importer(815301076,1909f56bfc062723c751e8b465ee728b)
Start importing Assets/Scripts/Battle using Guid(43d9926c40c43af409e18851729b69d5) Importer(815301076,1909f56bfc062723c751e8b465ee728b)  -> (artifact id: '366acd96af0623c2b3334eccf4887223') in 0.028139 seconds
  Import took 0.032762 seconds .

========================================================================
Received Import Request.
  Time since last request: 10.470981 seconds.
  path: Assets/Scripts/Battle/HPBar.cs
  artifactKey: Guid(20ce566e12e6fab4ca74496da11b7b2d) Importer(815301076,1909f56bfc062723c751e8b465ee728b)
Start importing Assets/Scripts/Battle/HPBar.cs using Guid(20ce566e12e6fab4ca74496da11b7b2d) Importer(815301076,1909f56bfc062723c751e8b465ee728b)  -> (artifact id: '206f0670d4287e4926943e1d4edc38fd') in 0.010394 seconds
  Import took 0.014282 seconds .

========================================================================
Received Prepare
Registering precompiled user dll's ...
Registered in 0.003286 seconds.
Begin MonoManager ReloadAssembly
Native extension for WindowsStandalone target not found
Native extension for WebGL target not found
Refreshing native plugins compatible for Editor in 0.65 ms, found 1 plugins.
Preloading 0 native plugins for Editor in 0.00 ms.
Mono: successfully reloaded assembly
- Completed reload, in  2.111 seconds
Platform modules already initialized, skipping
Refreshing native plugins compatible for Editor in 0.67 ms, found 1 plugins.
Preloading 0 native plugins for Editor in 0.00 ms.
Unloading 1809 Unused Serialized files (Serialized files now loaded: 0)
System memory in use before: 89.7 MB.
System memory in use after: 89.7 MB.

Unloading 12 unused Assets to reduce memory usage. Loaded Objects now: 2481.
Total: 3.155600 ms (FindLiveObjects: 0.285800 ms CreateObjectMapping: 0.064500 ms MarkObjects: 2.636800 ms  DeleteObjects: 0.166500 ms)

